Running minimap on spartan-bm008.hpc.unimelb.edu.au

Available Options

The following parameters are available. Ones with "[]" are in effect:
   Options for input SAM/BAM/CRAM : --sam [/data/gpfs/projects/punim1466/analysis/cellranger_new_run/run/Long_read_VIC01_48hpi_adult/outs/possorted_genome_bam_hg19.sorted.bam],
                                    --tag-group [CB], --tag-UMI [UB]
        Options for input VCF/BCF : --vcf [/data/gpfs/projects/punim1466/genotyping/adult/SNP_genotyping/plink_input/no_warnings/newfile_clean_3_chr_no0_lex.vcf.gz],
                                    --field [GT], --geno-error [0.01],
                                    --min-mac [1], --min-callrate [0.50], --sm,
                                    --sm-list
                   Output Options : --out [Long_read_VIC01_48hpi_adult_nowarning],
                                    --alpha, --write-pair,
                                    --doublet-prior [0.50],
                                    --sam-verbose [1000000],
                                    --vcf-verbose [10000]
           Read filtering Options : --cap-BQ [40], --min-BQ [13],
                                    --min-MQ [20], --min-TD,
                                    --excl-flag [3844]
   Cell/droplet filtering options : --group-list [/data/gpfs/projects/punim1466/analysis/cellranger_new_run/run/Long_read_VIC01_48hpi_adult/outs/filtered_feature_bc_matrix/barcodes.tsv.gz],
                                    --min-total, --min-uniq, --min-snp

Run with --help for more detailed help messages of each argument.

NOTICE [2023/01/14 10:18:22] - Finished loading 3735 droplet/cell barcodes to consider
NOTICE [2023/01/14 10:18:22] - Finished identifying 3 samples to load from VCF/BCF
NOTICE [2023/01/14 10:18:22] - Reading 0 reads at chr1:1 and skipping 0
NOTICE [2023/01/14 10:18:22] - WARNING: Cannot find Droplet/Cell tag CB from 2530-th read A00152:411:H2YMHDSX2:1:2218:16188:4038 at chr1:134932-135022. Treating all of them as a single group
NOTICE [2023/01/14 10:18:22] - WARNING: Cannot find Droplet/Cell tag CB from 2531-th read A00152:411:H2YMHDSX2:1:2218:16414:4366 at chr1:134932-135022. Treating all of them as a single group
NOTICE [2023/01/14 10:18:22] - WARNING: Cannot find Droplet/Cell tag CB from 2976-th read A00152:411:H2YMHDSX2:3:1171:26124:34616 at chr1:241022-241112. Treating all of them as a single group
NOTICE [2023/01/14 10:18:22] - WARNING: Cannot find Droplet/Cell tag CB from 2990-th read A00152:411:H2YMHDSX2:1:1129:15835:6840 at chr1:244082-244172. Treating all of them as a single group
NOTICE [2023/01/14 10:18:22] - WARNING: Cannot find Droplet/Cell tag CB from 3302-th read A00152:411:H2YMHDSX2:1:2511:13485:26725 at chr1:564543-564608. Treating all of them as a single group
NOTICE [2023/01/14 10:18:22] - WARNING: Cannot find Droplet/Cell tag CB from 28239-th read A00152:411:H2YMHDSX2:1:2533:29830:34773 at chr1:565224-565314. Treating all of them as a single group
NOTICE [2023/01/14 10:18:22] - WARNING: Cannot find Droplet/Cell tag CB from 28369-th read A00152:411:H2YMHDSX2:1:2212:32560:25942 at chr1:565238-565328. Treating all of them as a single group
NOTICE [2023/01/14 10:18:22] - WARNING: Cannot find Droplet/Cell tag CB from 28392-th read A00152:411:H2YMHDSX2:1:1341:18285:12712 at chr1:565240-565330. Treating all of them as a single group
NOTICE [2023/01/14 10:18:22] - WARNING: Cannot find Droplet/Cell tag CB from 28875-th read A00152:411:H2YMHDSX2:3:1319:15655:36088 at chr1:565269-565359. Treating all of them as a single group
NOTICE [2023/01/14 10:18:22] - WARNING: Cannot find Droplet/Cell tag CB from 29028-th read A00152:411:H2YMHDSX2:3:1104:9453:23688 at chr1:565280-565370. Treating all of them as a single group
NOTICE [2023/01/14 10:18:22] - WARNING: Suppressing 10+ missing Droplet/Cell tag warnings...
NOTICE [2023/01/14 10:18:23] - Observed 1000 droplets with unique cell barcode
NOTICE [2023/01/14 10:18:23] - Observed 2000 droplets with unique cell barcode
NOTICE [2023/01/14 10:18:23] - WARNING: Cannot find UMI tag UB from 203341-th read A00152:411:H2YMHDSX2:1:2619:32913:29403 at chr1:569373-569463. Treating all of them as a single UMI
NOTICE [2023/01/14 10:18:23] - WARNING: Cannot find UMI tag UB from 226404-th read A00152:411:H2YMHDSX2:2:2106:32904:24627 at chr1:569389-569479. Treating all of them as a single UMI
NOTICE [2023/01/14 10:18:23] - Observed 3000 droplets with unique cell barcode
NOTICE [2023/01/14 10:18:24] - WARNING: Cannot find UMI tag UB from 281369-th read A00152:411:H2YMHDSX2:1:2660:3125:15076 at chr1:991256-991346. Treating all of them as a single UMI
NOTICE [2023/01/14 10:18:24] - WARNING: Cannot find UMI tag UB from 282344-th read A00152:411:H2YMHDSX2:3:2169:7238:6449 at chr1:991293-991383. Treating all of them as a single UMI
NOTICE [2023/01/14 10:18:24] - WARNING: Cannot find UMI tag UB from 309464-th read A00152:411:H2YMHDSX2:2:1364:17671:22232 at chr1:1152522-1152612. Treating all of them as a single UMI
NOTICE [2023/01/14 10:18:24] - WARNING: Cannot find UMI tag UB from 310235-th read A00152:411:H2YMHDSX2:3:1243:12111:24345 at chr1:1152580-1152670. Treating all of them as a single UMI
NOTICE [2023/01/14 10:18:25] - WARNING: Cannot find UMI tag UB from 402517-th read A00152:411:H2YMHDSX2:1:1620:32922:23343 at chr1:1337510-1337600. Treating all of them as a single UMI
NOTICE [2023/01/14 10:18:25] - WARNING: Cannot find UMI tag UB from 462221-th read A00152:411:H2YMHDSX2:3:2575:18521:20885 at chr1:1625638-1625699. Treating all of them as a single UMI
NOTICE [2023/01/14 10:18:26] - WARNING: Cannot find UMI tag UB from 473844-th read A00152:411:H2YMHDSX2:2:1272:24496:16986 at chr1:1682855-1682945. Treating all of them as a single UMI
NOTICE [2023/01/14 10:18:26] - WARNING: Cannot find UMI tag UB from 473964-th read A00152:411:H2YMHDSX2:2:2402:16776:18051 at chr1:1682881-1682971. Treating all of them as a single UMI
NOTICE [2023/01/14 10:18:26] - WARNING: Suppressing 10+ UMI warnings...
NOTICE [2023/01/14 10:18:32] - Reading 1000000 reads at chr1:9798898 and skipping 180280
NOTICE [2023/01/14 10:18:42] - Reading 2000000 reads at chr1:24021167 and skipping 199478
NOTICE [2023/01/14 10:18:51] - Reading 3000000 reads at chr1:28744084 and skipping 208517
NOTICE [2023/01/14 10:18:53] - Reading 10000 variants at chr1:34684306, Skipping 6477, Missing 0.
NOTICE [2023/01/14 10:19:02] - Reading 4000000 reads at chr1:43166503 and skipping 218730
NOTICE [2023/01/14 10:19:11] - Reading 5000000 reads at chr1:46079978 and skipping 221157
NOTICE [2023/01/14 10:19:21] - Reading 6000000 reads at chr1:59247930 and skipping 234276
NOTICE [2023/01/14 10:19:26] - Reading 20000 variants at chr1:76608691, Skipping 13030, Missing 0.
NOTICE [2023/01/14 10:19:30] - Reading 7000000 reads at chr1:93301932 and skipping 261184
NOTICE [2023/01/14 10:19:39] - Reading 8000000 reads at chr1:114946337 and skipping 272619
NOTICE [2023/01/14 10:19:40] - Reading 30000 variants at chr1:117229541, Skipping 19721, Missing 0.
NOTICE [2023/01/14 10:19:45] - Reading 9000000 reads at chr1:151955512 and skipping 442378
NOTICE [2023/01/14 10:19:51] - Reading 10000000 reads at chr1:153028703 and skipping 442976
NOTICE [2023/01/14 10:19:58] - Reading 11000000 reads at chr1:153507779 and skipping 443188
NOTICE [2023/01/14 10:20:11] - Reading 12000000 reads at chr1:153963238 and skipping 443742
NOTICE [2023/01/14 10:20:21] - Reading 13000000 reads at chr1:161041125 and skipping 449168
NOTICE [2023/01/14 10:20:29] - Reading 40000 variants at chr1:181408885, Skipping 26695, Missing 0.
NOTICE [2023/01/14 10:20:31] - Reading 14000000 reads at chr1:183190643 and skipping 459549
NOTICE [2023/01/14 10:20:43] - Reading 15000000 reads at chr1:212619323 and skipping 485503
NOTICE [2023/01/14 10:20:44] - Reading 50000 variants at chr1:221934718, Skipping 33269, Missing 0.
NOTICE [2023/01/14 10:20:51] - Reading 16000000 reads at chr1:234493107 and skipping 495732
NOTICE [2023/01/14 10:20:58] - Reading 60000 variants at chr10:6308304, Skipping 39339, Missing 0.
NOTICE [2023/01/14 10:21:05] - Reading 17000000 reads at chr10:21265558 and skipping 555539
NOTICE [2023/01/14 10:21:13] - Reading 70000 variants at chr10:50835264, Skipping 45607, Missing 0.
NOTICE [2023/01/14 10:21:14] - Reading 18000000 reads at chr10:61853942 and skipping 632563
NOTICE [2023/01/14 10:21:23] - Reading 19000000 reads at chr10:79795466 and skipping 643541
NOTICE [2023/01/14 10:21:26] - Reading 80000 variants at chr10:91972175, Skipping 51900, Missing 0.
NOTICE [2023/01/14 10:21:32] - Reading 20000000 reads at chr10:102767390 and skipping 674347
NOTICE [2023/01/14 10:21:45] - Reading 21000000 reads at chr10:128596237 and skipping 685516
NOTICE [2023/01/14 10:21:45] - Reading 90000 variants at chr10:129400615, Skipping 58347, Missing 0.
NOTICE [2023/01/14 10:21:58] - Reading 22000000 reads at chr11:6703239 and skipping 706954
NOTICE [2023/01/14 10:22:08] - Reading 23000000 reads at chr11:17110026 and skipping 748127
NOTICE [2023/01/14 10:22:12] - Reading 100000 variants at chr11:20639062, Skipping 64934, Missing 0.
NOTICE [2023/01/14 10:22:18] - Reading 24000000 reads at chr11:57296286 and skipping 772162
NOTICE [2023/01/14 10:22:29] - Reading 25000000 reads at chr11:62189830 and skipping 778172
NOTICE [2023/01/14 10:22:39] - Reading 26000000 reads at chr11:64888145 and skipping 781851
NOTICE [2023/01/14 10:22:40] - Reading 110000 variants at chr11:65638140, Skipping 71852, Missing 0.
NOTICE [2023/01/14 10:22:53] - Reading 27000000 reads at chr11:65266597 and skipping 782437
NOTICE [2023/01/14 10:23:10] - Reading 28000000 reads at chr11:65266986 and skipping 782452
NOTICE [2023/01/14 10:23:27] - Reading 29000000 reads at chr11:65267224 and skipping 782472
NOTICE [2023/01/14 10:23:42] - Reading 30000000 reads at chr11:65896677 and skipping 783226
NOTICE [2023/01/14 10:23:52] - Reading 31000000 reads at chr11:69469071 and skipping 788546
NOTICE [2023/01/14 10:23:57] - Reading 32000000 reads at chr11:86520009 and skipping 802892
NOTICE [2023/01/14 10:24:01] - Reading 120000 variants at chr11:106370448, Skipping 78432, Missing 0.
NOTICE [2023/01/14 10:24:04] - Reading 33000000 reads at chr11:118886433 and skipping 819070
NOTICE [2023/01/14 10:24:11] - Reading 130000 variants at chr12:2831151, Skipping 84591, Missing 0.
NOTICE [2023/01/14 10:24:15] - Reading 34000000 reads at chr12:6601536 and skipping 832610
NOTICE [2023/01/14 10:24:24] - Reading 35000000 reads at chr12:21788369 and skipping 848529
NOTICE [2023/01/14 10:24:29] - Reading 140000 variants at chr12:41835102, Skipping 91069, Missing 0.
NOTICE [2023/01/14 10:24:34] - Reading 36000000 reads at chr12:50158629 and skipping 866816
NOTICE [2023/01/14 10:24:59] - Reading 37000000 reads at chr12:53295685 and skipping 878960
NOTICE [2023/01/14 10:25:14] - Reading 38000000 reads at chr12:56511365 and skipping 883400
NOTICE [2023/01/14 10:25:23] - Reading 39000000 reads at chr12:58216748 and skipping 886628
NOTICE [2023/01/14 10:25:29] - Reading 150000 variants at chr12:85470641, Skipping 97806, Missing 0.
NOTICE [2023/01/14 10:25:33] - Reading 40000000 reads at chr12:98995145 and skipping 916694
NOTICE [2023/01/14 10:25:42] - Reading 41000000 reads at chr12:113633308 and skipping 933284
NOTICE [2023/01/14 10:25:57] - Reading 42000000 reads at chr12:123011451 and skipping 942800
NOTICE [2023/01/14 10:25:59] - Reading 160000 variants at chr12:124660939, Skipping 104197, Missing 0.
NOTICE [2023/01/14 10:26:08] - Reading 43000000 reads at chr13:27830441 and skipping 955688
NOTICE [2023/01/14 10:26:12] - Reading 170000 variants at chr13:39522287, Skipping 110534, Missing 0.
NOTICE [2023/01/14 10:26:24] - Reading 44000000 reads at chr13:45911453 and skipping 963129
NOTICE [2023/01/14 10:26:37] - Reading 180000 variants at chr13:86292398, Skipping 116875, Missing 0.
NOTICE [2023/01/14 10:26:37] - Reading 45000000 reads at chr13:95286647 and skipping 975648
NOTICE [2023/01/14 10:26:46] - Reading 190000 variants at chr14:23897085, Skipping 122940, Missing 0.
NOTICE [2023/01/14 10:26:48] - Reading 46000000 reads at chr14:31585478 and skipping 1030631
NOTICE [2023/01/14 10:26:58] - Reading 47000000 reads at chr14:55611969 and skipping 1044271
NOTICE [2023/01/14 10:27:03] - Reading 200000 variants at chr14:66702856, Skipping 129223, Missing 0.
NOTICE [2023/01/14 10:27:09] - Reading 48000000 reads at chr14:75598195 and skipping 1057030
NOTICE [2023/01/14 10:27:22] - Reading 49000000 reads at chr14:102547236 and skipping 1066732
NOTICE [2023/01/14 10:27:26] - Reading 210000 variants at chr14:104426360, Skipping 135380, Missing 0.
NOTICE [2023/01/14 10:27:30] - Reading 50000000 reads at chr15:35620154 and skipping 1105725
NOTICE [2023/01/14 10:27:41] - Reading 51000000 reads at chr15:49170748 and skipping 1118656
NOTICE [2023/01/14 10:27:45] - Reading 220000 variants at chr15:57824330, Skipping 142117, Missing 0.
NOTICE [2023/01/14 10:27:52] - Reading 52000000 reads at chr15:64457933 and skipping 1130775
NOTICE [2023/01/14 10:28:03] - Reading 53000000 reads at chr15:69747556 and skipping 1142038
NOTICE [2023/01/14 10:28:12] - Reading 54000000 reads at chr15:83207635 and skipping 1172665
NOTICE [2023/01/14 10:28:16] - Reading 230000 variants at chr15:93080626, Skipping 148558, Missing 0.
NOTICE [2023/01/14 10:28:24] - Reading 55000000 reads at chr16:2011528 and skipping 1197947
NOTICE [2023/01/14 10:28:38] - Reading 56000000 reads at chr16:4404588 and skipping 1205074
NOTICE [2023/01/14 10:28:46] - Reading 240000 variants at chr16:17441905, Skipping 154811, Missing 0.
NOTICE [2023/01/14 10:28:49] - Reading 57000000 reads at chr16:22118687 and skipping 1271920
NOTICE [2023/01/14 10:28:58] - Reading 58000000 reads at chr16:53077257 and skipping 1390127
NOTICE [2023/01/14 10:29:09] - Reading 250000 variants at chr16:69503668, Skipping 161486, Missing 0.
NOTICE [2023/01/14 10:29:11] - Reading 59000000 reads at chr16:71508691 and skipping 1421031
NOTICE [2023/01/14 10:29:31] - Reading 60000000 reads at chr16:89627090 and skipping 1433305
NOTICE [2023/01/14 10:29:49] - Reading 61000000 reads at chr17:1368255 and skipping 1441456
NOTICE [2023/01/14 10:29:58] - Reading 260000 variants at chr17:6027839, Skipping 167653, Missing 0.
NOTICE [2023/01/14 10:30:05] - Reading 62000000 reads at chr17:7760143 and skipping 1450338
NOTICE [2023/01/14 10:30:22] - Reading 64000000 reads at chr17:34053148 and skipping 1495160
NOTICE [2023/01/14 10:30:32] - Reading 65000000 reads at chr17:39657363 and skipping 1515750
NOTICE [2023/01/14 10:30:44] - Reading 66000000 reads at chr17:39680120 and skipping 1515806
NOTICE [2023/01/14 10:30:55] - Reading 67000000 reads at chr17:40931288 and skipping 1520127
NOTICE [2023/01/14 10:30:55] - Reading 270000 variants at chr17:41246553, Skipping 174729, Missing 0.
NOTICE [2023/01/14 10:31:06] - Reading 68000000 reads at chr17:55757451 and skipping 1568158
NOTICE [2023/01/14 10:31:17] - Reading 69000000 reads at chr17:72765195 and skipping 1591648
NOTICE [2023/01/14 10:31:27] - Reading 280000 variants at chr17:77322006, Skipping 181384, Missing 0.
NOTICE [2023/01/14 10:31:30] - Reading 70000000 reads at chr17:79477223 and skipping 1599274
NOTICE [2023/01/14 10:31:40] - Reading 71000000 reads at chr18:21714360 and skipping 1612534
NOTICE [2023/01/14 10:31:44] - Reading 290000 variants at chr18:37549233, Skipping 187679, Missing 0.
NOTICE [2023/01/14 10:32:01] - Reading 72000000 reads at chr18:53182210 and skipping 1624442
NOTICE [2023/01/14 10:32:12] - Reading 73000000 reads at chr18:61325790 and skipping 1681505
NOTICE [2023/01/14 10:32:17] - Reading 300000 variants at chr18:75932454, Skipping 193671, Missing 0.
NOTICE [2023/01/14 10:32:39] - Reading 74000000 reads at chr19:1440074 and skipping 1750909
NOTICE [2023/01/14 10:33:05] - Reading 75000000 reads at chr19:5678516 and skipping 1756980
NOTICE [2023/01/14 10:33:20] - Reading 76000000 reads at chr19:9436463 and skipping 1761372
NOTICE [2023/01/14 10:33:35] - Reading 77000000 reads at chr19:15270666 and skipping 1776297
NOTICE [2023/01/14 10:33:46] - Reading 78000000 reads at chr19:18704174 and skipping 1781087
NOTICE [2023/01/14 10:33:50] - Reading 310000 variants at chr19:31787960, Skipping 200663, Missing 0.
NOTICE [2023/01/14 10:33:55] - Reading 79000000 reads at chr19:38782978 and skipping 1796619
NOTICE [2023/01/14 10:34:06] - Reading 80000000 reads at chr19:40884094 and skipping 2121114
NOTICE [2023/01/14 10:34:17] - Reading 81000000 reads at chr19:45755970 and skipping 2232498
NOTICE [2023/01/14 10:34:34] - Reading 82000000 reads at chr19:49469935 and skipping 2236900
NOTICE [2023/01/14 10:34:47] - Reading 83000000 reads at chr19:51601999 and skipping 2242445
NOTICE [2023/01/14 10:34:53] - Reading 84000000 reads at chr19:55899375 and skipping 2251898
NOTICE [2023/01/14 10:34:54] - Reading 320000 variants at chr19:56702323, Skipping 207886, Missing 0.
NOTICE [2023/01/14 10:35:04] - Reading 85000000 reads at chr2:8996811 and skipping 2270569
NOTICE [2023/01/14 10:35:14] - Reading 330000 variants at chr2:32867243, Skipping 214133, Missing 0.
NOTICE [2023/01/14 10:35:14] - Reading 86000000 reads at chr2:33041028 and skipping 2285537
NOTICE [2023/01/14 10:35:24] - Reading 87000000 reads at chr2:55462042 and skipping 2302418
NOTICE [2023/01/14 10:35:29] - Reading 340000 variants at chr2:70945251, Skipping 220389, Missing 0.
NOTICE [2023/01/14 10:35:30] - Reading 88000000 reads at chr2:74384961 and skipping 2311992
NOTICE [2023/01/14 10:35:38] - Reading 89000000 reads at chr2:100055184 and skipping 2351645
NOTICE [2023/01/14 10:35:45] - Reading 350000 variants at chr2:125381863, Skipping 227019, Missing 0.
NOTICE [2023/01/14 10:35:46] - Reading 90000000 reads at chr2:135898700 and skipping 2415355
NOTICE [2023/01/14 10:35:52] - Reading 360000 variants at chr2:170614417, Skipping 233635, Missing 0.
NOTICE [2023/01/14 10:35:55] - Reading 91000000 reads at chr2:176042987 and skipping 2435854
NOTICE [2023/01/14 10:36:04] - Reading 92000000 reads at chr2:207026135 and skipping 2450588
NOTICE [2023/01/14 10:36:05] - Reading 370000 variants at chr2:211514995, Skipping 240719, Missing 0.
NOTICE [2023/01/14 10:36:15] - Reading 93000000 reads at chr2:223425581 and skipping 2462188
NOTICE [2023/01/14 10:36:22] - Reading 380000 variants at chr2:241385720, Skipping 247409, Missing 0.
NOTICE [2023/01/14 10:36:25] - Reading 94000000 reads at chr20:333928 and skipping 2472024
NOTICE [2023/01/14 10:36:33] - Reading 95000000 reads at chr20:30987722 and skipping 2491461
NOTICE [2023/01/14 10:36:39] - Reading 390000 variants at chr20:39291784, Skipping 253615, Missing 0.
NOTICE [2023/01/14 10:36:41] - Reading 96000000 reads at chr20:43880978 and skipping 2500246
NOTICE [2023/01/14 10:36:48] - Reading 97000000 reads at chr20:49515950 and skipping 2504745
NOTICE [2023/01/14 10:37:00] - Reading 400000 variants at chr21:24042032, Skipping 259801, Missing 0.
NOTICE [2023/01/14 10:37:14] - Reading 410000 variants at chr22:25791019, Skipping 266149, Missing 0.
NOTICE [2023/01/14 10:37:16] - Reading 100000000 reads at chr22:29377852 and skipping 2628054
NOTICE [2023/01/14 10:37:24] - Reading 101000000 reads at chr22:39709255 and skipping 2640475
NOTICE [2023/01/14 10:37:36] - Reading 102000000 reads at chr22:50247980 and skipping 2653635
NOTICE [2023/01/14 10:37:37] - Reading 420000 variants at chr23:8314155, Skipping 272652, Missing 0.
NOTICE [2023/01/14 10:37:37] - Reading 430000 variants at chr23:45929263, Skipping 278578, Missing 0.
NOTICE [2023/01/14 10:37:37] - Reading 440000 variants at chr23:115493669, Skipping 285074, Missing 0.
NOTICE [2023/01/14 10:37:37] - Reading 450000 variants at chr24:3127531, Skipping 291048, Missing 0.
NOTICE [2023/01/14 10:37:37] - Reading 460000 variants at chr3:1065127, Skipping 299760, Missing 0.
NOTICE [2023/01/14 10:37:43] - Reading 103000000 reads at chr3:15715431 and skipping 2662774
NOTICE [2023/01/14 10:37:51] - Reading 470000 variants at chr3:35054294, Skipping 305712, Missing 0.
NOTICE [2023/01/14 10:37:52] - Reading 104000000 reads at chr3:39453230 and skipping 2673983
NOTICE [2023/01/14 10:38:01] - Reading 105000000 reads at chr3:49053103 and skipping 2695502
NOTICE [2023/01/14 10:38:06] - Reading 106000000 reads at chr3:53263068 and skipping 2716723
NOTICE [2023/01/14 10:38:13] - Reading 480000 variants at chr3:72087513, Skipping 312591, Missing 0.
NOTICE [2023/01/14 10:38:15] - Reading 107000000 reads at chr3:101401290 and skipping 2732185
NOTICE [2023/01/14 10:38:23] - Reading 490000 variants at chr3:126101047, Skipping 319131, Missing 0.
NOTICE [2023/01/14 10:38:23] - Reading 108000000 reads at chr3:126156636 and skipping 2743023
NOTICE [2023/01/14 10:38:34] - Reading 109000000 reads at chr3:152064294 and skipping 2754491
NOTICE [2023/01/14 10:38:38] - Reading 500000 variants at chr3:169483993, Skipping 325645, Missing 0.
NOTICE [2023/01/14 10:38:46] - Reading 110000000 reads at chr3:185200409 and skipping 2767913
NOTICE [2023/01/14 10:38:57] - Reading 111000000 reads at chr4:1157833 and skipping 2791398
NOTICE [2023/01/14 10:39:00] - Reading 510000 variants at chr4:6145406, Skipping 331798, Missing 0.
NOTICE [2023/01/14 10:39:09] - Reading 112000000 reads at chr4:39456239 and skipping 2812957
NOTICE [2023/01/14 10:39:13] - Reading 520000 variants at chr4:45542918, Skipping 337951, Missing 0.
NOTICE [2023/01/14 10:39:20] - Reading 113000000 reads at chr4:78769479 and skipping 2827852
NOTICE [2023/01/14 10:39:26] - Reading 530000 variants at chr4:91530200, Skipping 344614, Missing 0.
NOTICE [2023/01/14 10:39:29] - Reading 114000000 reads at chr4:106099669 and skipping 2844010
NOTICE [2023/01/14 10:39:38] - Reading 540000 variants at chr4:141777621, Skipping 351044, Missing 0.
NOTICE [2023/01/14 10:39:39] - Reading 115000000 reads at chr4:152024105 and skipping 2862625
NOTICE [2023/01/14 10:39:46] - Reading 550000 variants at chr4:184957629, Skipping 357137, Missing 0.
NOTICE [2023/01/14 10:39:49] - Reading 116000000 reads at chr5:1632802 and skipping 2877737
NOTICE [2023/01/14 10:39:55] - Reading 560000 variants at chr5:31764637, Skipping 363117, Missing 0.
NOTICE [2023/01/14 10:40:01] - Reading 117000000 reads at chr5:43379399 and skipping 2900139
NOTICE [2023/01/14 10:40:08] - Reading 118000000 reads at chr5:76987268 and skipping 2989063
NOTICE [2023/01/14 10:40:13] - Reading 570000 variants at chr5:82952600, Skipping 369638, Missing 0.
NOTICE [2023/01/14 10:40:16] - Reading 119000000 reads at chr5:102526633 and skipping 3045102
NOTICE [2023/01/14 10:40:20] - Reading 580000 variants at chr5:130527727, Skipping 376225, Missing 0.
NOTICE [2023/01/14 10:40:23] - Reading 120000000 reads at chr5:134102678 and skipping 3061281
NOTICE [2023/01/14 10:40:31] - Reading 121000000 reads at chr5:149825172 and skipping 3072245
NOTICE [2023/01/14 10:40:37] - Reading 590000 variants at chr5:170832986, Skipping 382731, Missing 0.
NOTICE [2023/01/14 10:40:52] - Reading 123000000 reads at chr6:7558668 and skipping 3116431
NOTICE [2023/01/14 10:40:59] - Reading 600000 variants at chr6:22765885, Skipping 388613, Missing 0.
NOTICE [2023/01/14 10:41:34] - Reading 124000000 reads at chr6:30695781 and skipping 3135128
NOTICE [2023/01/14 10:42:01] - Reading 610000 variants at chr6:32864467, Skipping 394312, Missing 0.
NOTICE [2023/01/14 10:42:14] - Reading 125000000 reads at chr6:33243840 and skipping 3152687
NOTICE [2023/01/14 10:42:25] - Reading 126000000 reads at chr6:35438386 and skipping 3299346
NOTICE [2023/01/14 10:42:38] - Reading 127000000 reads at chr6:53453234 and skipping 3318902
NOTICE [2023/01/14 10:42:49] - Reading 128000000 reads at chr6:74227522 and skipping 3328982
NOTICE [2023/01/14 10:42:50] - Reading 620000 variants at chr6:75394398, Skipping 400766, Missing 0.
NOTICE [2023/01/14 10:42:58] - Reading 129000000 reads at chr6:111919480 and skipping 3343384
NOTICE [2023/01/14 10:42:59] - Reading 630000 variants at chr6:124503880, Skipping 407191, Missing 0.
NOTICE [2023/01/14 10:43:04] - Reading 130000000 reads at chr6:133138178 and skipping 3358985
NOTICE [2023/01/14 10:43:17] - Reading 131000000 reads at chr6:159057640 and skipping 3369002
NOTICE [2023/01/14 10:43:20] - Reading 640000 variants at chr6:162925961, Skipping 413454, Missing 0.
NOTICE [2023/01/14 10:43:30] - Reading 132000000 reads at chr7:6443371 and skipping 3390660
NOTICE [2023/01/14 10:43:37] - Reading 650000 variants at chr7:23684965, Skipping 419275, Missing 0.
NOTICE [2023/01/14 10:43:41] - Reading 133000000 reads at chr7:38783121 and skipping 3414748
NOTICE [2023/01/14 10:43:49] - Reading 660000 variants at chr7:70509482, Skipping 425479, Missing 0.
NOTICE [2023/01/14 10:43:50] - Reading 134000000 reads at chr7:73183459 and skipping 3472594
NOTICE [2023/01/14 10:43:58] - Reading 135000000 reads at chr7:90045091 and skipping 3586437
NOTICE [2023/01/14 10:44:07] - Reading 136000000 reads at chr7:102956858 and skipping 3635264
NOTICE [2023/01/14 10:44:11] - Reading 670000 variants at chr7:115345889, Skipping 432048, Missing 0.
NOTICE [2023/01/14 10:44:16] - Reading 137000000 reads at chr7:135359161 and skipping 3655484
NOTICE [2023/01/14 10:44:21] - Reading 680000 variants at chr7:154498882, Skipping 438806, Missing 0.
NOTICE [2023/01/14 10:44:26] - Reading 138000000 reads at chr8:17659301 and skipping 3715709
NOTICE [2023/01/14 10:44:28] - Reading 690000 variants at chr8:21576149, Skipping 444447, Missing 0.
NOTICE [2023/01/14 10:44:36] - Reading 139000000 reads at chr8:54425942 and skipping 3730584
NOTICE [2023/01/14 10:44:39] - Reading 700000 variants at chr8:70620267, Skipping 451129, Missing 0.
NOTICE [2023/01/14 10:44:43] - Reading 140000000 reads at chr8:82196207 and skipping 3742416
NOTICE [2023/01/14 10:44:53] - Reading 141000000 reads at chr8:101733887 and skipping 3752906
NOTICE [2023/01/14 10:44:57] - Reading 710000 variants at chr8:121215991, Skipping 457694, Missing 0.
NOTICE [2023/01/14 10:45:02] - Reading 142000000 reads at chr8:143763843 and skipping 3769027
NOTICE [2023/01/14 10:45:07] - Reading 143000000 reads at chr8:146076000 and skipping 3770992
NOTICE [2023/01/14 10:45:12] - Reading 720000 variants at chr9:8751486, Skipping 463554, Missing 0.
NOTICE [2023/01/14 10:45:21] - Reading 144000000 reads at chr9:33026834 and skipping 3788241
NOTICE [2023/01/14 10:45:33] - Reading 730000 variants at chr9:78275028, Skipping 469835, Missing 0.
NOTICE [2023/01/14 10:45:39] - Reading 146000000 reads at chr9:100395536 and skipping 3977529
NOTICE [2023/01/14 10:45:48] - Reading 740000 variants at chr9:117218431, Skipping 476059, Missing 0.
NOTICE [2023/01/14 10:45:51] - Reading 147000000 reads at chr9:125000579 and skipping 3985179
NOTICE [2023/01/14 10:46:01] - Reading 148000000 reads at chr9:130926007 and skipping 4008138
NOTICE [2023/01/14 10:46:09] - Reading 149000000 reads at chr9:138387204 and skipping 4017998
NOTICE [2023/01/14 10:46:16] - Reading 150000000 reads at chrM:818 and skipping 4098442
NOTICE [2023/01/14 10:46:17] - Reading 151000000 reads at chrM:1967 and skipping 4170958
NOTICE [2023/01/14 10:46:18] - Reading 152000000 reads at chrM:2244 and skipping 4179184
NOTICE [2023/01/14 10:46:20] - Reading 153000000 reads at chrM:2942 and skipping 4186973
NOTICE [2023/01/14 10:46:21] - Reading 154000000 reads at chrM:4078 and skipping 4389981
NOTICE [2023/01/14 10:46:22] - Reading 155000000 reads at chrM:7140 and skipping 4421683
NOTICE [2023/01/14 10:46:23] - Reading 156000000 reads at chrM:7281 and skipping 4421857
NOTICE [2023/01/14 10:46:24] - Reading 157000000 reads at chrM:7868 and skipping 4549967
NOTICE [2023/01/14 10:46:25] - Reading 158000000 reads at chrM:8066 and skipping 4550252
NOTICE [2023/01/14 10:46:26] - Reading 159000000 reads at chrM:8142 and skipping 4550333
NOTICE [2023/01/14 10:46:27] - Reading 160000000 reads at chrM:8959 and skipping 4567457
NOTICE [2023/01/14 10:46:28] - Reading 161000000 reads at chrM:9591 and skipping 4569558
NOTICE [2023/01/14 10:46:29] - Reading 162000000 reads at chrM:9745 and skipping 4570178
NOTICE [2023/01/14 10:46:31] - Reading 163000000 reads at chrM:9817 and skipping 4570217
NOTICE [2023/01/14 10:46:32] - Reading 164000000 reads at chrM:11263 and skipping 4570851
NOTICE [2023/01/14 10:46:33] - Reading 165000000 reads at chrM:13378 and skipping 4582585
NOTICE [2023/01/14 10:46:34] - Reading 166000000 reads at chrM:15641 and skipping 4598528
NOTICE [2023/01/14 10:46:36] - Reading 168000000 reads at chrX:1505420 and skipping 5558818
NOTICE [2023/01/14 10:46:37] - Reading 169000000 reads at chrX:45628421 and skipping 5592552
NOTICE [2023/01/14 10:46:38] - Reading 170000000 reads at chrX:71493129 and skipping 5614294
NOTICE [2023/01/14 10:46:40] - Reading 171000000 reads at chrX:118920584 and skipping 5638226
NOTICE [2023/01/14 10:46:41] - Reading 172000000 reads at chrX:153629042 and skipping 5657830
NOTICE [2023/01/14 10:46:50] - WARNING: Suppressed a total of 5710 UMI warnings...
NOTICE [2023/01/14 10:46:50] - WARNING: Suppressed a total of 2933645 droplet/cell barcode warnings...
NOTICE [2023/01/14 10:46:50] - Finished reading 266371 markers from the VCF file
NOTICE [2023/01/14 10:46:50] - Total number input reads : 179860964
NOTICE [2023/01/14 10:46:50] - Total number valid droplets observed : 3735
NOTICE [2023/01/14 10:46:50] - Total number valid SNPs observed     : 266371
NOTICE [2023/01/14 10:46:50] - Total number of read-QC-passed reads : 166778669 
NOTICE [2023/01/14 10:46:50] - Total number of skipped reads with ignored barcodes : 12656308
NOTICE [2023/01/14 10:46:50] - Total number of non-skipped reads with considered barcodes : 132877126
NOTICE [2023/01/14 10:46:50] - Total number of gapped/noninformative reads : 132023345
NOTICE [2023/01/14 10:46:50] - Total number of base-QC-failed reads : 20877
NOTICE [2023/01/14 10:46:50] - Total number of redundant reads : 163663
NOTICE [2023/01/14 10:46:50] - Total number of pass-filtered reads : 669241
NOTICE [2023/01/14 10:46:50] - Total number of pass-filtered reads overlapping with multiple SNPs : 16439
NOTICE [2023/01/14 10:46:50] - Starting to prune out cells with too few reads...
NOTICE [2023/01/14 10:46:50] - Finishing pruning out 0 cells with too few reads...
NOTICE [2023/01/14 10:46:50] - Starting to identify best matching individual IDs
NOTICE [2023/01/14 10:46:50] - Processing 10000 markers...
NOTICE [2023/01/14 10:46:50] - Processing 20000 markers...
NOTICE [2023/01/14 10:46:50] - Processing 30000 markers...
NOTICE [2023/01/14 10:46:50] - Processing 40000 markers...
NOTICE [2023/01/14 10:46:50] - Processing 50000 markers...
NOTICE [2023/01/14 10:46:50] - Processing 60000 markers...
NOTICE [2023/01/14 10:46:50] - Processing 70000 markers...
NOTICE [2023/01/14 10:46:50] - Processing 80000 markers...
NOTICE [2023/01/14 10:46:50] - Processing 90000 markers...
NOTICE [2023/01/14 10:46:50] - Processing 100000 markers...
NOTICE [2023/01/14 10:46:50] - Processing 110000 markers...
NOTICE [2023/01/14 10:46:50] - Processing 120000 markers...
NOTICE [2023/01/14 10:46:50] - Processing 130000 markers...
NOTICE [2023/01/14 10:46:50] - Processing 140000 markers...
NOTICE [2023/01/14 10:46:50] - Processing 150000 markers...
NOTICE [2023/01/14 10:46:50] - Processing 160000 markers...
NOTICE [2023/01/14 10:46:50] - Processing 170000 markers...
NOTICE [2023/01/14 10:46:50] - Processing 180000 markers...
NOTICE [2023/01/14 10:46:50] - Processing 190000 markers...
NOTICE [2023/01/14 10:46:50] - Processing 200000 markers...
NOTICE [2023/01/14 10:46:50] - Processing 210000 markers...
NOTICE [2023/01/14 10:46:51] - Processing 220000 markers...
NOTICE [2023/01/14 10:46:51] - Processing 230000 markers...
NOTICE [2023/01/14 10:46:51] - Processing 240000 markers...
NOTICE [2023/01/14 10:46:51] - Processing 250000 markers...
NOTICE [2023/01/14 10:46:51] - Processing 260000 markers...
NOTICE [2023/01/14 10:46:51] - Identifying best-matching individual..
NOTICE [2023/01/14 10:46:51] - Processing 1000 droplets...
NOTICE [2023/01/14 10:46:51] - Processing 2000 droplets...
NOTICE [2023/01/14 10:46:51] - Processing 3000 droplets...
NOTICE [2023/01/14 10:46:51] - Finished processing 3735 droplets total
NOTICE [2023/01/14 10:46:51] - Processing 0 cells..
NOTICE [2023/01/14 10:46:51] - Processing 100 cells..
NOTICE [2023/01/14 10:46:51] - Processing 200 cells..
NOTICE [2023/01/14 10:46:51] - Processing 300 cells..
NOTICE [2023/01/14 10:46:51] - Processing 400 cells..
NOTICE [2023/01/14 10:46:51] - Processing 500 cells..
NOTICE [2023/01/14 10:46:51] - Processing 600 cells..
NOTICE [2023/01/14 10:46:51] - Processing 700 cells..
NOTICE [2023/01/14 10:46:51] - Processing 800 cells..
NOTICE [2023/01/14 10:46:51] - Processing 900 cells..
NOTICE [2023/01/14 10:46:51] - Processing 1000 cells..
NOTICE [2023/01/14 10:46:51] - Processing 1100 cells..
NOTICE [2023/01/14 10:46:51] - Processing 1200 cells..
NOTICE [2023/01/14 10:46:51] - Processing 1300 cells..
NOTICE [2023/01/14 10:46:51] - Processing 1400 cells..
NOTICE [2023/01/14 10:46:51] - Processing 1500 cells..
NOTICE [2023/01/14 10:46:51] - Processing 1600 cells..
NOTICE [2023/01/14 10:46:51] - Processing 1700 cells..
NOTICE [2023/01/14 10:46:51] - Processing 1800 cells..
NOTICE [2023/01/14 10:46:51] - Processing 1900 cells..
NOTICE [2023/01/14 10:46:51] - Processing 2000 cells..
NOTICE [2023/01/14 10:46:51] - Processing 2100 cells..
NOTICE [2023/01/14 10:46:51] - Processing 2200 cells..
NOTICE [2023/01/14 10:46:51] - Processing 2300 cells..
NOTICE [2023/01/14 10:46:51] - Processing 2400 cells..
NOTICE [2023/01/14 10:46:51] - Processing 2500 cells..
NOTICE [2023/01/14 10:46:51] - Processing 2600 cells..
NOTICE [2023/01/14 10:46:51] - Processing 2700 cells..
NOTICE [2023/01/14 10:46:51] - Processing 2800 cells..
NOTICE [2023/01/14 10:46:51] - Processing 2900 cells..
NOTICE [2023/01/14 10:46:52] - Processing 3000 cells..
NOTICE [2023/01/14 10:46:52] - Processing 3100 cells..
NOTICE [2023/01/14 10:46:52] - Processing 3200 cells..
NOTICE [2023/01/14 10:46:52] - Processing 3300 cells..
NOTICE [2023/01/14 10:46:52] - Processing 3400 cells..
NOTICE [2023/01/14 10:46:52] - Processing 3500 cells..
NOTICE [2023/01/14 10:46:52] - Processing 3600 cells..
NOTICE [2023/01/14 10:46:52] - Processing 3700 cells..
NOTICE [2023/01/14 10:46:52] - Finished writing output files
Complete!
