Loading required package: sparseDRIMSeq

Attaching package: ‘sparseDRIMSeq’

The following object is masked from ‘package:base’:

    proportions

To cite DTUrtle in publications use:

	Tobias Tekath, Martin Dugas.
	Differential transcript usage analysis
	of bulk and single-cell RNA-seq data with DTUrtle.
	Bioinformatics,
	2021.
	https://doi.org/10.1093/bioinformatics/btab629.

Use citation(DTUrtle) for BibTeX information.
Loading required package: stats4
Loading required package: BiocGenerics

Attaching package: ‘BiocGenerics’

The following objects are masked from ‘package:stats’:

    IQR, mad, sd, var, xtabs

The following objects are masked from ‘package:base’:

    anyDuplicated, append, as.data.frame, basename, cbind, colnames,
    dirname, do.call, duplicated, eval, evalq, Filter, Find, get, grep,
    grepl, intersect, is.unsorted, lapply, Map, mapply, match, mget,
    order, paste, pmax, pmax.int, pmin, pmin.int, Position, rank,
    rbind, Reduce, rownames, sapply, setdiff, sort, table, tapply,
    union, unique, unsplit, which.max, which.min

Loading required package: S4Vectors

Attaching package: ‘S4Vectors’

The following objects are masked from ‘package:base’:

    expand.grid, I, unname

Loading required package: IRanges
Loading required package: GenomeInfoDb
Loading required package: grid
Loading required package: SummarizedExperiment
Loading required package: MatrixGenerics
Loading required package: matrixStats

Attaching package: 'MatrixGenerics'

The following objects are masked from 'package:matrixStats':

    colAlls, colAnyNAs, colAnys, colAvgsPerRowSet, colCollapse,
    colCounts, colCummaxs, colCummins, colCumprods, colCumsums,
    colDiffs, colIQRDiffs, colIQRs, colLogSumExps, colMadDiffs,
    colMads, colMaxs, colMeans2, colMedians, colMins, colOrderStats,
    colProds, colQuantiles, colRanges, colRanks, colSdDiffs, colSds,
    colSums2, colTabulates, colVarDiffs, colVars, colWeightedMads,
    colWeightedMeans, colWeightedMedians, colWeightedSds,
    colWeightedVars, rowAlls, rowAnyNAs, rowAnys, rowAvgsPerColSet,
    rowCollapse, rowCounts, rowCummaxs, rowCummins, rowCumprods,
    rowCumsums, rowDiffs, rowIQRDiffs, rowIQRs, rowLogSumExps,
    rowMadDiffs, rowMads, rowMaxs, rowMeans2, rowMedians, rowMins,
    rowOrderStats, rowProds, rowQuantiles, rowRanges, rowRanks,
    rowSdDiffs, rowSds, rowSums2, rowTabulates, rowVarDiffs, rowVars,
    rowWeightedMads, rowWeightedMeans, rowWeightedMedians,
    rowWeightedSds, rowWeightedVars

Loading required package: Biobase
Welcome to Bioconductor

    Vignettes contain introductory material; view with
    'browseVignettes()'. To cite Bioconductor, see
    'citation("Biobase")', and for packages 'citation("pkgname")'.


Attaching package: 'Biobase'

The following object is masked from 'package:MatrixGenerics':

    rowMedians

The following objects are masked from 'package:matrixStats':

    anyMissing, rowMedians

The following object is masked from 'package:sparseDRIMSeq':

    samples


Attaching package: 'stageR'

The following object is masked from 'package:methods':

    getMethod


Attaching package: 'tidyr'

The following object is masked from 'package:S4Vectors':

    expand


Attaching package: 'data.table'

The following object is masked from 'package:SummarizedExperiment':

    shift

The following object is masked from 'package:GenomicRanges':

    shift

The following object is masked from 'package:IRanges':

    shift

The following objects are masked from 'package:S4Vectors':

    first, second


Attaching package: 'Matrix'

The following objects are masked from 'package:tidyr':

    expand, pack, unpack

The following object is masked from 'package:S4Vectors':

    expand


Attaching package: 'plyr'

The following object is masked from 'package:matrixStats':

    count

The following object is masked from 'package:IRanges':

    desc

The following object is masked from 'package:S4Vectors':

    rename


Attaching package: 'dplyr'

The following objects are masked from 'package:plyr':

    arrange, count, desc, failwith, id, mutate, rename, summarise,
    summarize

The following objects are masked from 'package:data.table':

    between, first, last

The following object is masked from 'package:Biobase':

    combine

The following object is masked from 'package:matrixStats':

    count

The following objects are masked from 'package:GenomicRanges':

    intersect, setdiff, union

The following object is masked from 'package:GenomeInfoDb':

    intersect

The following objects are masked from 'package:IRanges':

    collapse, desc, intersect, setdiff, slice, union

The following objects are masked from 'package:S4Vectors':

    first, intersect, rename, setdiff, setequal, union

The following objects are masked from 'package:BiocGenerics':

    combine, intersect, setdiff, union

The following objects are masked from 'package:stats':

    filter, lag

The following objects are masked from 'package:base':

    intersect, setdiff, setequal, union


Attaching package: 'magrittr'

The following object is masked from 'package:tidyr':

    extract

The following object is masked from 'package:GenomicRanges':

    subtract


Attaching package: 'purrr'

The following object is masked from 'package:magrittr':

    set_names

The following object is masked from 'package:plyr':

    compact

The following object is masked from 'package:data.table':

    transpose

The following object is masked from 'package:GenomicRanges':

    reduce

The following object is masked from 'package:IRanges':

    reduce

               Basal           Brush_Tuft             Ciliated 
             "Basal"         "Brush_Tuft"           "Ciliated" 
       Cycling_basal         Deuterosomal               Goblet 
     "Cycling_basal"       "Deuterosomal"             "Goblet" 
     Goblet_Ionocyte             Ionocyte            Secretory 
   "Goblet_Ionocyte"           "Ionocyte"          "Secretory" 
  Secretory_Ciliated           Suprabasal 
"Secretory_Ciliated"         "Suprabasal" 
[1] 11
[1] 321
                 Cell_Type Cell_State            Cohort         Patient Count
1                  Basal_1   Infected    UK_72hpi_adult Sample1_Sample1 17384
2                  Basal_1   Infected    UK_72hpi_adult Sample2_Sample2 14067
3                  Basal_1   Infected    UK_72hpi_adult Sample3_Sample3 12596
4                  Basal_1 Uninfected    UK_72hpi_adult Sample1_Sample1   599
5                  Basal_1 Uninfected    UK_72hpi_adult Sample2_Sample2   944
6                  Basal_1 Uninfected    UK_72hpi_adult Sample3_Sample3   597
7                  Basal_1   Infected    UK_72hpi_child Sample4_Sample4  9292
8                  Basal_1   Infected    UK_72hpi_child Sample5_Sample5  8596
9                  Basal_2   Infected    UK_72hpi_child Sample6_Sample6 14264
10                 Basal_1 Uninfected    UK_72hpi_child Sample4_Sample4  1469
11                 Basal_1 Uninfected    UK_72hpi_child Sample5_Sample5  1246
12                 Basal_1 Uninfected    UK_72hpi_child Sample6_Sample6  1383
13                 Basal_1 Uninfected  uninfected_adult Sample1_Sample1  4881
14                 Basal_1 Uninfected  uninfected_adult Sample2_Sample2  5398
15                 Basal_1 Uninfected  uninfected_adult Sample3_Sample3   990
16                 Basal_1 Uninfected  uninfected_child Sample4_Sample4  5042
17                 Basal_1 Uninfected  uninfected_child Sample5_Sample5 69939
18                 Basal_2 Uninfected  uninfected_child Sample6_Sample6  3883
19                 Basal_1 Uninfected VIC01_48hpi_adult Sample1_Sample1  9094
20                 Basal_1 Uninfected VIC01_48hpi_adult Sample2_Sample2  4213
21                 Basal_1 Uninfected VIC01_48hpi_adult Sample3_Sample3  9752
22                 Basal_1 Uninfected VIC01_48hpi_child Sample4_Sample4   540
23                 Basal_1 Uninfected VIC01_48hpi_child Sample5_Sample5 10677
24                 Basal_2 Uninfected VIC01_48hpi_child Sample6_Sample6  7391
25                 Basal_1   Infected VIC01_72hpi_adult Sample1_Sample1 16028
26                 Basal_1   Infected VIC01_72hpi_adult Sample2_Sample2  8286
27                 Basal_1 Uninfected VIC01_72hpi_adult Sample1_Sample1 13528
28                 Basal_1 Uninfected VIC01_72hpi_adult Sample2_Sample2  7881
29                 Basal_1 Uninfected VIC01_72hpi_adult Sample3_Sample3  6106
30                 Basal_1   Infected VIC01_72hpi_child Sample4_Sample4  8849
31                 Basal_1   Infected VIC01_72hpi_child Sample5_Sample5  5457
32                 Basal_2   Infected VIC01_72hpi_child Sample6_Sample6 17758
33                 Basal_1 Uninfected VIC01_72hpi_child Sample4_Sample4  1406
34                 Basal_1 Uninfected VIC01_72hpi_child Sample5_Sample5  4211
35                 Basal_2 Uninfected VIC01_72hpi_child Sample6_Sample6 12786
36              Brush_Tuft   Infected    UK_72hpi_adult Sample2_Sample2 10132
37              Brush_Tuft   Infected    UK_72hpi_adult Sample3_Sample3 23826
38              Brush_Tuft Uninfected    UK_72hpi_adult Sample1_Sample1  4491
39              Brush_Tuft   Infected    UK_72hpi_child Sample4_Sample4 14691
40              Brush_Tuft   Infected    UK_72hpi_child Sample5_Sample5 22571
41              Brush_Tuft Uninfected    UK_72hpi_child Sample4_Sample4   517
42              Brush_Tuft Uninfected  uninfected_adult Sample1_Sample1 15374
43              Brush_Tuft Uninfected  uninfected_adult Sample2_Sample2   786
44              Brush_Tuft Uninfected  uninfected_adult Sample3_Sample3   760
45              Brush_Tuft Uninfected  uninfected_child Sample4_Sample4  2734
46              Brush_Tuft Uninfected  uninfected_child Sample5_Sample5   937
47              Brush_Tuft Uninfected VIC01_48hpi_adult Sample1_Sample1  2138
48              Brush_Tuft Uninfected VIC01_48hpi_adult Sample2_Sample2  9979
49              Brush_Tuft Uninfected VIC01_48hpi_adult Sample3_Sample3   624
50              Brush_Tuft Uninfected VIC01_48hpi_child Sample4_Sample4   742
51              Brush_Tuft Uninfected VIC01_48hpi_child Sample5_Sample5  2540
52              Brush_Tuft Uninfected VIC01_48hpi_child Sample6_Sample6  1831
53              Brush_Tuft Uninfected VIC01_72hpi_adult Sample1_Sample1  1400
54              Brush_Tuft Uninfected VIC01_72hpi_adult Sample2_Sample2  7722
55              Brush_Tuft Uninfected VIC01_72hpi_adult Sample3_Sample3 11303
56              Brush_Tuft   Infected VIC01_72hpi_child Sample4_Sample4  5779
57              Brush_Tuft   Infected VIC01_72hpi_child Sample5_Sample5  5162
58              Brush_Tuft Uninfected VIC01_72hpi_child Sample5_Sample5  5217
59              Brush_Tuft Uninfected VIC01_72hpi_child Sample6_Sample6  1388
60              Ciliated_3   Infected    UK_72hpi_adult Sample1_Sample1   251
61              Ciliated_1   Infected    UK_72hpi_adult Sample2_Sample2 11151
62            Ciliated_SC2   Infected    UK_72hpi_adult Sample3_Sample3 14341
63              Ciliated_3 Uninfected    UK_72hpi_adult Sample1_Sample1   568
64              Ciliated_1 Uninfected    UK_72hpi_adult Sample2_Sample2  3651
65              Ciliated_1 Uninfected    UK_72hpi_adult Sample3_Sample3  1795
66              Ciliated_3   Infected    UK_72hpi_child Sample4_Sample4   455
67              Ciliated_3   Infected    UK_72hpi_child Sample5_Sample5 13560
68              Ciliated_1   Infected    UK_72hpi_child Sample6_Sample6 19507
69              Ciliated_3 Uninfected    UK_72hpi_child Sample4_Sample4   538
70              Ciliated_3 Uninfected    UK_72hpi_child Sample5_Sample5  1476
71              Ciliated_3 Uninfected    UK_72hpi_child Sample6_Sample6   472
72              Ciliated_3 Uninfected  uninfected_adult Sample1_Sample1  1096
73              Ciliated_3 Uninfected  uninfected_adult Sample2_Sample2  1685
74              Ciliated_2 Uninfected  uninfected_adult Sample3_Sample3  4067
75              Ciliated_3 Uninfected  uninfected_child Sample4_Sample4   964
76              Ciliated_3 Uninfected  uninfected_child Sample5_Sample5  2293
77              Ciliated_3 Uninfected  uninfected_child Sample6_Sample6  1347
78              Ciliated_1 Uninfected VIC01_48hpi_adult Sample1_Sample1  7847
79              Ciliated_1 Uninfected VIC01_48hpi_adult Sample2_Sample2  5972
80              Ciliated_3 Uninfected VIC01_48hpi_adult Sample3_Sample3   801
81              Ciliated_1   Infected VIC01_48hpi_child Sample5_Sample5  5719
82              Ciliated_3 Uninfected VIC01_48hpi_child Sample4_Sample4   415
83              Ciliated_1 Uninfected VIC01_48hpi_child Sample5_Sample5  5326
84              Ciliated_3 Uninfected VIC01_48hpi_child Sample6_Sample6   568
85              Ciliated_1   Infected VIC01_72hpi_adult Sample1_Sample1  6329
86              Ciliated_1   Infected VIC01_72hpi_adult Sample2_Sample2  7751
87              Ciliated_1   Infected VIC01_72hpi_adult Sample3_Sample3 45442
88              Ciliated_3 Uninfected VIC01_72hpi_adult Sample1_Sample1   129
89              Ciliated_3 Uninfected VIC01_72hpi_adult Sample2_Sample2   258
90              Ciliated_3 Uninfected VIC01_72hpi_adult Sample3_Sample3   208
91              Ciliated_3   Infected VIC01_72hpi_child Sample4_Sample4   554
92              Ciliated_1   Infected VIC01_72hpi_child Sample5_Sample5  7306
93              Ciliated_3   Infected VIC01_72hpi_child Sample6_Sample6   877
94              Ciliated_3 Uninfected VIC01_72hpi_child Sample4_Sample4  1041
95              Ciliated_3 Uninfected VIC01_72hpi_child Sample5_Sample5   812
96              Ciliated_3 Uninfected VIC01_72hpi_child Sample6_Sample6   341
97           Cycling_basal   Infected    UK_72hpi_adult Sample1_Sample1 30459
98           Cycling_basal   Infected    UK_72hpi_adult Sample2_Sample2 21402
99           Cycling_basal   Infected    UK_72hpi_adult Sample3_Sample3 19243
100          Cycling_basal Uninfected    UK_72hpi_adult Sample1_Sample1  1614
101          Cycling_basal Uninfected    UK_72hpi_adult Sample2_Sample2   876
102          Cycling_basal Uninfected    UK_72hpi_adult Sample3_Sample3  1636
103          Cycling_basal   Infected    UK_72hpi_child Sample4_Sample4 12655
104          Cycling_basal   Infected    UK_72hpi_child Sample5_Sample5  9268
105          Cycling_basal   Infected    UK_72hpi_child Sample6_Sample6 10949
106          Cycling_basal Uninfected    UK_72hpi_child Sample4_Sample4  1350
107          Cycling_basal Uninfected    UK_72hpi_child Sample5_Sample5  1855
108          Cycling_basal Uninfected    UK_72hpi_child Sample6_Sample6  1289
109          Cycling_basal Uninfected  uninfected_adult Sample1_Sample1  1630
110          Cycling_basal Uninfected  uninfected_adult Sample2_Sample2  2132
111          Cycling_basal Uninfected  uninfected_adult Sample3_Sample3  2952
112          Cycling_basal Uninfected  uninfected_child Sample4_Sample4  2002
113          Cycling_basal Uninfected  uninfected_child Sample5_Sample5 63700
114          Cycling_basal Uninfected  uninfected_child Sample6_Sample6   955
115          Cycling_basal Uninfected VIC01_48hpi_adult Sample1_Sample1  4162
116          Cycling_basal Uninfected VIC01_48hpi_adult Sample2_Sample2  1020
117          Cycling_basal Uninfected VIC01_48hpi_adult Sample3_Sample3   568
118          Cycling_basal Uninfected VIC01_48hpi_child Sample4_Sample4  6428
119          Cycling_basal Uninfected VIC01_48hpi_child Sample5_Sample5  9060
120          Cycling_basal Uninfected VIC01_48hpi_child Sample6_Sample6  1970
121          Cycling_basal   Infected VIC01_72hpi_adult Sample2_Sample2  7634
122          Cycling_basal Uninfected VIC01_72hpi_adult Sample1_Sample1   392
123          Cycling_basal Uninfected VIC01_72hpi_adult Sample2_Sample2   593
124          Cycling_basal Uninfected VIC01_72hpi_adult Sample3_Sample3 12832
125          Cycling_basal   Infected VIC01_72hpi_child Sample4_Sample4  9942
126          Cycling_basal   Infected VIC01_72hpi_child Sample5_Sample5  9218
127          Cycling_basal   Infected VIC01_72hpi_child Sample6_Sample6   878
128          Cycling_basal Uninfected VIC01_72hpi_child Sample4_Sample4  1174
129          Cycling_basal Uninfected VIC01_72hpi_child Sample5_Sample5  1276
130          Cycling_basal Uninfected VIC01_72hpi_child Sample6_Sample6  1049
131           Deuterosomal   Infected    UK_72hpi_adult Sample1_Sample1 30248
132           Deuterosomal   Infected    UK_72hpi_adult Sample2_Sample2  5700
133           Deuterosomal   Infected    UK_72hpi_adult Sample3_Sample3 27996
134           Deuterosomal   Infected    UK_72hpi_child Sample5_Sample5 22057
135           Deuterosomal   Infected    UK_72hpi_child Sample6_Sample6 40113
136           Deuterosomal Uninfected    UK_72hpi_child Sample4_Sample4   495
137           Deuterosomal Uninfected    UK_72hpi_child Sample6_Sample6  1118
138           Deuterosomal Uninfected  uninfected_adult Sample1_Sample1  2449
139           Deuterosomal Uninfected  uninfected_adult Sample2_Sample2  4075
140           Deuterosomal Uninfected  uninfected_adult Sample3_Sample3  1006
141           Deuterosomal Uninfected  uninfected_child Sample4_Sample4  1126
142           Deuterosomal Uninfected  uninfected_child Sample5_Sample5 11523
143           Deuterosomal Uninfected  uninfected_child Sample6_Sample6  1261
144           Deuterosomal Uninfected VIC01_48hpi_adult Sample1_Sample1 24054
145           Deuterosomal Uninfected VIC01_48hpi_adult Sample2_Sample2  3627
146           Deuterosomal Uninfected VIC01_48hpi_adult Sample3_Sample3 15924
147           Deuterosomal   Infected VIC01_48hpi_child Sample5_Sample5  6372
148           Deuterosomal Uninfected VIC01_48hpi_child Sample4_Sample4  1029
149           Deuterosomal Uninfected VIC01_48hpi_child Sample5_Sample5  9629
150           Deuterosomal Uninfected VIC01_48hpi_child Sample6_Sample6  4895
151           Deuterosomal   Infected VIC01_72hpi_adult Sample2_Sample2 17184
152           Deuterosomal Uninfected VIC01_72hpi_adult Sample1_Sample1  1119
153           Deuterosomal Uninfected VIC01_72hpi_adult Sample2_Sample2  9572
154           Deuterosomal Uninfected VIC01_72hpi_adult Sample3_Sample3 15010
155           Deuterosomal   Infected VIC01_72hpi_child Sample4_Sample4  1080
156           Deuterosomal   Infected VIC01_72hpi_child Sample5_Sample5  9904
157           Deuterosomal   Infected VIC01_72hpi_child Sample6_Sample6  9992
158           Deuterosomal Uninfected VIC01_72hpi_child Sample5_Sample5  8885
159           Deuterosomal Uninfected VIC01_72hpi_child Sample6_Sample6   973
160        Goblet_Ionocyte   Infected    UK_72hpi_child Sample4_Sample4 19758
161        Goblet_Ionocyte   Infected    UK_72hpi_child Sample5_Sample5 11865
162        Goblet_Ionocyte Uninfected  uninfected_adult Sample3_Sample3  2748
163        Goblet_Ionocyte Uninfected VIC01_48hpi_adult Sample1_Sample1 13845
164        Goblet_Ionocyte Uninfected VIC01_48hpi_child Sample4_Sample4 17309
165        Goblet_Ionocyte Uninfected VIC01_72hpi_adult Sample1_Sample1 10472
166        Goblet_Ionocyte Uninfected VIC01_72hpi_adult Sample2_Sample2 13569
167        Goblet_Ionocyte Uninfected VIC01_72hpi_adult Sample3_Sample3 15985
168        Goblet_Ionocyte   Infected VIC01_72hpi_child Sample4_Sample4  6763
169        Goblet_IFN_stim   Infected    UK_72hpi_adult Sample1_Sample1 15428
170                 Goblet   Infected    UK_72hpi_adult Sample2_Sample2 15221
171        Goblet_IFN_stim   Infected    UK_72hpi_adult Sample3_Sample3  9228
172                 Goblet Uninfected    UK_72hpi_adult Sample1_Sample1   839
173                 Goblet Uninfected    UK_72hpi_adult Sample3_Sample3   672
174                 Goblet   Infected    UK_72hpi_child Sample4_Sample4  1841
175        Goblet_IFN_stim   Infected    UK_72hpi_child Sample5_Sample5 17430
176        Goblet_IFN_stim   Infected    UK_72hpi_child Sample6_Sample6  3459
177                 Goblet Uninfected    UK_72hpi_child Sample4_Sample4   528
178                 Goblet Uninfected    UK_72hpi_child Sample5_Sample5  1122
179                 Goblet Uninfected    UK_72hpi_child Sample6_Sample6  2101
180                 Goblet Uninfected  uninfected_adult Sample1_Sample1  1235
181                 Goblet Uninfected  uninfected_adult Sample2_Sample2   539
182                 Goblet Uninfected  uninfected_adult Sample3_Sample3  1071
183                 Goblet Uninfected  uninfected_child Sample4_Sample4  9863
184                 Goblet Uninfected  uninfected_child Sample5_Sample5   724
185                 Goblet Uninfected  uninfected_child Sample6_Sample6   696
186                 Goblet Uninfected VIC01_48hpi_adult Sample1_Sample1  7581
187                 Goblet Uninfected VIC01_48hpi_adult Sample2_Sample2  2111
188                 Goblet Uninfected VIC01_48hpi_adult Sample3_Sample3   454
189                 Goblet Uninfected VIC01_48hpi_child Sample4_Sample4   684
190                 Goblet Uninfected VIC01_48hpi_child Sample5_Sample5  2980
191                 Goblet Uninfected VIC01_48hpi_child Sample6_Sample6 10158
192                 Goblet Uninfected VIC01_72hpi_adult Sample1_Sample1 12159
193                 Goblet Uninfected VIC01_72hpi_adult Sample2_Sample2  1070
194                 Goblet Uninfected VIC01_72hpi_adult Sample3_Sample3  6984
195                 Goblet   Infected VIC01_72hpi_child Sample4_Sample4   617
196                 Goblet   Infected VIC01_72hpi_child Sample5_Sample5  2843
197                 Goblet   Infected VIC01_72hpi_child Sample6_Sample6 13671
198        Goblet_IFN_stim Uninfected VIC01_72hpi_child Sample4_Sample4  4461
199                 Goblet Uninfected VIC01_72hpi_child Sample5_Sample5   446
200                 Goblet Uninfected VIC01_72hpi_child Sample6_Sample6   823
201               Ionocyte   Infected    UK_72hpi_adult Sample1_Sample1  9523
202               Ionocyte   Infected    UK_72hpi_adult Sample2_Sample2  9382
203               Ionocyte   Infected    UK_72hpi_adult Sample3_Sample3  6597
204               Ionocyte   Infected    UK_72hpi_child Sample4_Sample4 12146
205               Ionocyte   Infected    UK_72hpi_child Sample5_Sample5  7803
206               Ionocyte Uninfected  uninfected_adult Sample1_Sample1   701
207               Ionocyte Uninfected  uninfected_adult Sample2_Sample2  2222
208               Ionocyte Uninfected  uninfected_adult Sample3_Sample3  8496
209               Ionocyte Uninfected  uninfected_child Sample5_Sample5 26822
210               Ionocyte Uninfected VIC01_48hpi_adult Sample1_Sample1  6232
211               Ionocyte Uninfected VIC01_48hpi_adult Sample2_Sample2  5972
212               Ionocyte Uninfected VIC01_48hpi_adult Sample3_Sample3  6129
213               Ionocyte Uninfected VIC01_48hpi_child Sample4_Sample4  5205
214               Ionocyte Uninfected VIC01_48hpi_child Sample5_Sample5 13167
215               Ionocyte Uninfected VIC01_72hpi_adult Sample1_Sample1  7524
216               Ionocyte Uninfected VIC01_72hpi_adult Sample2_Sample2  4809
217               Ionocyte Uninfected VIC01_72hpi_adult Sample3_Sample3  6462
218               Ionocyte   Infected VIC01_72hpi_child Sample4_Sample4  9545
219               Ionocyte   Infected VIC01_72hpi_child Sample5_Sample5  6063
220     Secretory_Ciliated   Infected    UK_72hpi_adult Sample1_Sample1 30695
221 Secretory_Ciliated_SC2   Infected    UK_72hpi_adult Sample2_Sample2 39897
222     Secretory_Ciliated   Infected    UK_72hpi_adult Sample3_Sample3 23472
223 Secretory_Ciliated_SC2   Infected    UK_72hpi_child Sample4_Sample4 19673
224 Secretory_Ciliated_SC2   Infected    UK_72hpi_child Sample5_Sample5 26099
225     Secretory_Ciliated   Infected    UK_72hpi_child Sample6_Sample6 15863
226     Secretory_Ciliated Uninfected  uninfected_adult Sample1_Sample1  3724
227     Secretory_Ciliated Uninfected  uninfected_adult Sample2_Sample2  1905
228     Secretory_Ciliated Uninfected  uninfected_adult Sample3_Sample3  1175
229     Secretory_Ciliated Uninfected  uninfected_child Sample4_Sample4 14484
230     Secretory_Ciliated Uninfected  uninfected_child Sample5_Sample5  7081
231     Secretory_Ciliated Uninfected VIC01_48hpi_adult Sample1_Sample1 15333
232     Secretory_Ciliated Uninfected VIC01_48hpi_adult Sample2_Sample2 17082
233     Secretory_Ciliated Uninfected VIC01_48hpi_adult Sample3_Sample3 14361
234     Secretory_Ciliated   Infected VIC01_48hpi_child Sample5_Sample5  3053
235     Secretory_Ciliated Uninfected VIC01_48hpi_child Sample4_Sample4 14703
236     Secretory_Ciliated Uninfected VIC01_48hpi_child Sample5_Sample5 13383
237     Secretory_Ciliated Uninfected VIC01_48hpi_child Sample6_Sample6 15653
238     Secretory_Ciliated   Infected VIC01_72hpi_adult Sample1_Sample1 18635
239     Secretory_Ciliated   Infected VIC01_72hpi_adult Sample2_Sample2 17491
240     Secretory_Ciliated Uninfected VIC01_72hpi_adult Sample1_Sample1 17455
241     Secretory_Ciliated Uninfected VIC01_72hpi_adult Sample2_Sample2 12528
242     Secretory_Ciliated Uninfected VIC01_72hpi_adult Sample3_Sample3 28177
243     Secretory_Ciliated   Infected VIC01_72hpi_child Sample4_Sample4 16825
244     Secretory_Ciliated   Infected VIC01_72hpi_child Sample5_Sample5 13885
245     Secretory_Ciliated   Infected VIC01_72hpi_child Sample6_Sample6 15187
246     Secretory_Ciliated Uninfected VIC01_72hpi_child Sample4_Sample4  1388
247     Secretory_IFN_stim   Infected    UK_72hpi_adult Sample1_Sample1  9865
248            Secretory_1   Infected    UK_72hpi_adult Sample2_Sample2  3379
249            Secretory_1   Infected    UK_72hpi_adult Sample3_Sample3  8972
250     Secretory_IFN_stim Uninfected    UK_72hpi_adult Sample1_Sample1   470
251            Secretory_2 Uninfected    UK_72hpi_adult Sample2_Sample2  2550
252            Secretory_2 Uninfected    UK_72hpi_adult Sample3_Sample3   623
253            Secretory_1   Infected    UK_72hpi_child Sample4_Sample4 16462
254     Secretory_IFN_stim   Infected    UK_72hpi_child Sample5_Sample5 17658
255     Secretory_IFN_stim   Infected    UK_72hpi_child Sample6_Sample6 24729
256     Secretory_IFN_stim Uninfected    UK_72hpi_child Sample4_Sample4   834
257            Secretory_2 Uninfected    UK_72hpi_child Sample5_Sample5  1925
258            Secretory_2 Uninfected    UK_72hpi_child Sample6_Sample6   462
259            Secretory_2 Uninfected  uninfected_adult Sample1_Sample1  1641
260            Secretory_2 Uninfected  uninfected_adult Sample2_Sample2  1602
261            Secretory_2 Uninfected  uninfected_adult Sample3_Sample3  1017
262            Secretory_1 Uninfected  uninfected_child Sample4_Sample4 49380
263            Secretory_2 Uninfected  uninfected_child Sample5_Sample5  3120
264            Secretory_2 Uninfected  uninfected_child Sample6_Sample6  1582
265            Secretory_1 Uninfected VIC01_48hpi_adult Sample1_Sample1  7835
266            Secretory_1 Uninfected VIC01_48hpi_adult Sample2_Sample2 23290
267            Secretory_1 Uninfected VIC01_48hpi_adult Sample3_Sample3  9187
268            Secretory_2   Infected VIC01_48hpi_child Sample5_Sample5  2799
269            Secretory_1 Uninfected VIC01_48hpi_child Sample4_Sample4  8140
270            Secretory_1 Uninfected VIC01_48hpi_child Sample5_Sample5  9296
271            Secretory_2 Uninfected VIC01_48hpi_child Sample6_Sample6  1181
272            Secretory_2   Infected VIC01_72hpi_adult Sample1_Sample1   360
273            Secretory_1   Infected VIC01_72hpi_adult Sample2_Sample2  6857
274            Secretory_1   Infected VIC01_72hpi_adult Sample3_Sample3  7979
275            Secretory_2 Uninfected VIC01_72hpi_adult Sample1_Sample1  1159
276            Secretory_2 Uninfected VIC01_72hpi_adult Sample2_Sample2   625
277            Secretory_1 Uninfected VIC01_72hpi_adult Sample3_Sample3  5226
278            Secretory_1   Infected VIC01_72hpi_child Sample4_Sample4  5911
279            Secretory_2   Infected VIC01_72hpi_child Sample5_Sample5  7188
280            Secretory_2   Infected VIC01_72hpi_child Sample6_Sample6  9190
281     Secretory_IFN_stim Uninfected VIC01_72hpi_child Sample4_Sample4   595
282            Secretory_2 Uninfected VIC01_72hpi_child Sample5_Sample5   672
283            Secretory_2 Uninfected VIC01_72hpi_child Sample6_Sample6  1133
284             Suprabasal   Infected    UK_72hpi_adult Sample1_Sample1 17743
285             Suprabasal   Infected    UK_72hpi_adult Sample2_Sample2  2592
286             Suprabasal   Infected    UK_72hpi_adult Sample3_Sample3 42018
287             Suprabasal Uninfected    UK_72hpi_adult Sample1_Sample1  1017
288             Suprabasal Uninfected    UK_72hpi_adult Sample2_Sample2  1638
289             Suprabasal Uninfected    UK_72hpi_adult Sample3_Sample3   697
290             Suprabasal   Infected    UK_72hpi_child Sample4_Sample4  6153
291             Suprabasal   Infected    UK_72hpi_child Sample5_Sample5 16329
292             Suprabasal   Infected    UK_72hpi_child Sample6_Sample6  2704
293             Suprabasal Uninfected    UK_72hpi_child Sample4_Sample4  2486
294             Suprabasal Uninfected    UK_72hpi_child Sample5_Sample5   622
295             Suprabasal Uninfected    UK_72hpi_child Sample6_Sample6  3593
296             Suprabasal Uninfected  uninfected_adult Sample1_Sample1  1816
297             Suprabasal Uninfected  uninfected_adult Sample2_Sample2  8117
298             Suprabasal Uninfected  uninfected_adult Sample3_Sample3  3684
299             Suprabasal Uninfected  uninfected_child Sample4_Sample4 39364
300             Suprabasal Uninfected  uninfected_child Sample5_Sample5 36652
301             Suprabasal Uninfected  uninfected_child Sample6_Sample6   820
302             Suprabasal Uninfected VIC01_48hpi_adult Sample1_Sample1 18520
303             Suprabasal Uninfected VIC01_48hpi_adult Sample2_Sample2 14687
304             Suprabasal Uninfected VIC01_48hpi_adult Sample3_Sample3  6010
305             Suprabasal   Infected VIC01_48hpi_child Sample4_Sample4  2642
306             Suprabasal   Infected VIC01_48hpi_child Sample5_Sample5  8532
307             Suprabasal Uninfected VIC01_48hpi_child Sample4_Sample4  5258
308             Suprabasal Uninfected VIC01_48hpi_child Sample5_Sample5  9180
309             Suprabasal Uninfected VIC01_48hpi_child Sample6_Sample6  4708
310             Suprabasal   Infected VIC01_72hpi_adult Sample1_Sample1 15133
311             Suprabasal   Infected VIC01_72hpi_adult Sample2_Sample2  7994
312             Suprabasal   Infected VIC01_72hpi_adult Sample3_Sample3  7198
313             Suprabasal Uninfected VIC01_72hpi_adult Sample1_Sample1 23421
314             Suprabasal Uninfected VIC01_72hpi_adult Sample2_Sample2  8251
315             Suprabasal Uninfected VIC01_72hpi_adult Sample3_Sample3 12031
316             Suprabasal   Infected VIC01_72hpi_child Sample4_Sample4  9050
317             Suprabasal   Infected VIC01_72hpi_child Sample5_Sample5  8304
318             Suprabasal   Infected VIC01_72hpi_child Sample6_Sample6 20821
319             Suprabasal Uninfected VIC01_72hpi_child Sample4_Sample4  5331
320             Suprabasal Uninfected VIC01_72hpi_child Sample5_Sample5 12584
321             Suprabasal Uninfected VIC01_72hpi_child Sample6_Sample6  1025
       Sex         Cell_Type3                                        group
1     Male              Basal      UK_72hpi_adult_Infected_Sample1_Sample1
2   Female              Basal      UK_72hpi_adult_Infected_Sample2_Sample2
3     Male              Basal      UK_72hpi_adult_Infected_Sample3_Sample3
4     Male              Basal    UK_72hpi_adult_Uninfected_Sample1_Sample1
5   Female              Basal    UK_72hpi_adult_Uninfected_Sample2_Sample2
6     Male              Basal    UK_72hpi_adult_Uninfected_Sample3_Sample3
7   Female              Basal      UK_72hpi_child_Infected_Sample4_Sample4
8   Female              Basal      UK_72hpi_child_Infected_Sample5_Sample5
9     Male              Basal      UK_72hpi_child_Infected_Sample6_Sample6
10  Female              Basal    UK_72hpi_child_Uninfected_Sample4_Sample4
11  Female              Basal    UK_72hpi_child_Uninfected_Sample5_Sample5
12    Male              Basal    UK_72hpi_child_Uninfected_Sample6_Sample6
13    Male              Basal  uninfected_adult_Uninfected_Sample1_Sample1
14  Female              Basal  uninfected_adult_Uninfected_Sample2_Sample2
15    Male              Basal  uninfected_adult_Uninfected_Sample3_Sample3
16  Female              Basal  uninfected_child_Uninfected_Sample4_Sample4
17  Female              Basal  uninfected_child_Uninfected_Sample5_Sample5
18    Male              Basal  uninfected_child_Uninfected_Sample6_Sample6
19    Male              Basal VIC01_48hpi_adult_Uninfected_Sample1_Sample1
20  Female              Basal VIC01_48hpi_adult_Uninfected_Sample2_Sample2
21    Male              Basal VIC01_48hpi_adult_Uninfected_Sample3_Sample3
22  Female              Basal VIC01_48hpi_child_Uninfected_Sample4_Sample4
23  Female              Basal VIC01_48hpi_child_Uninfected_Sample5_Sample5
24    Male              Basal VIC01_48hpi_child_Uninfected_Sample6_Sample6
25    Male              Basal   VIC01_72hpi_adult_Infected_Sample1_Sample1
26  Female              Basal   VIC01_72hpi_adult_Infected_Sample2_Sample2
27    Male              Basal VIC01_72hpi_adult_Uninfected_Sample1_Sample1
28  Female              Basal VIC01_72hpi_adult_Uninfected_Sample2_Sample2
29    Male              Basal VIC01_72hpi_adult_Uninfected_Sample3_Sample3
30  Female              Basal   VIC01_72hpi_child_Infected_Sample4_Sample4
31  Female              Basal   VIC01_72hpi_child_Infected_Sample5_Sample5
32    Male              Basal   VIC01_72hpi_child_Infected_Sample6_Sample6
33  Female              Basal VIC01_72hpi_child_Uninfected_Sample4_Sample4
34  Female              Basal VIC01_72hpi_child_Uninfected_Sample5_Sample5
35    Male              Basal VIC01_72hpi_child_Uninfected_Sample6_Sample6
36  Female         Brush_Tuft      UK_72hpi_adult_Infected_Sample2_Sample2
37    Male         Brush_Tuft      UK_72hpi_adult_Infected_Sample3_Sample3
38    Male         Brush_Tuft    UK_72hpi_adult_Uninfected_Sample1_Sample1
39  Female         Brush_Tuft      UK_72hpi_child_Infected_Sample4_Sample4
40  Female         Brush_Tuft      UK_72hpi_child_Infected_Sample5_Sample5
41  Female         Brush_Tuft    UK_72hpi_child_Uninfected_Sample4_Sample4
42    Male         Brush_Tuft  uninfected_adult_Uninfected_Sample1_Sample1
43  Female         Brush_Tuft  uninfected_adult_Uninfected_Sample2_Sample2
44    Male         Brush_Tuft  uninfected_adult_Uninfected_Sample3_Sample3
45  Female         Brush_Tuft  uninfected_child_Uninfected_Sample4_Sample4
46  Female         Brush_Tuft  uninfected_child_Uninfected_Sample5_Sample5
47    Male         Brush_Tuft VIC01_48hpi_adult_Uninfected_Sample1_Sample1
48  Female         Brush_Tuft VIC01_48hpi_adult_Uninfected_Sample2_Sample2
49    Male         Brush_Tuft VIC01_48hpi_adult_Uninfected_Sample3_Sample3
50  Female         Brush_Tuft VIC01_48hpi_child_Uninfected_Sample4_Sample4
51  Female         Brush_Tuft VIC01_48hpi_child_Uninfected_Sample5_Sample5
52    Male         Brush_Tuft VIC01_48hpi_child_Uninfected_Sample6_Sample6
53    Male         Brush_Tuft VIC01_72hpi_adult_Uninfected_Sample1_Sample1
54  Female         Brush_Tuft VIC01_72hpi_adult_Uninfected_Sample2_Sample2
55    Male         Brush_Tuft VIC01_72hpi_adult_Uninfected_Sample3_Sample3
56  Female         Brush_Tuft   VIC01_72hpi_child_Infected_Sample4_Sample4
57  Female         Brush_Tuft   VIC01_72hpi_child_Infected_Sample5_Sample5
58  Female         Brush_Tuft VIC01_72hpi_child_Uninfected_Sample5_Sample5
59    Male         Brush_Tuft VIC01_72hpi_child_Uninfected_Sample6_Sample6
60    Male           Ciliated      UK_72hpi_adult_Infected_Sample1_Sample1
61  Female           Ciliated      UK_72hpi_adult_Infected_Sample2_Sample2
62    Male           Ciliated      UK_72hpi_adult_Infected_Sample3_Sample3
63    Male           Ciliated    UK_72hpi_adult_Uninfected_Sample1_Sample1
64  Female           Ciliated    UK_72hpi_adult_Uninfected_Sample2_Sample2
65    Male           Ciliated    UK_72hpi_adult_Uninfected_Sample3_Sample3
66  Female           Ciliated      UK_72hpi_child_Infected_Sample4_Sample4
67  Female           Ciliated      UK_72hpi_child_Infected_Sample5_Sample5
68    Male           Ciliated      UK_72hpi_child_Infected_Sample6_Sample6
69  Female           Ciliated    UK_72hpi_child_Uninfected_Sample4_Sample4
70  Female           Ciliated    UK_72hpi_child_Uninfected_Sample5_Sample5
71    Male           Ciliated    UK_72hpi_child_Uninfected_Sample6_Sample6
72    Male           Ciliated  uninfected_adult_Uninfected_Sample1_Sample1
73  Female           Ciliated  uninfected_adult_Uninfected_Sample2_Sample2
74    Male           Ciliated  uninfected_adult_Uninfected_Sample3_Sample3
75  Female           Ciliated  uninfected_child_Uninfected_Sample4_Sample4
76  Female           Ciliated  uninfected_child_Uninfected_Sample5_Sample5
77    Male           Ciliated  uninfected_child_Uninfected_Sample6_Sample6
78    Male           Ciliated VIC01_48hpi_adult_Uninfected_Sample1_Sample1
79  Female           Ciliated VIC01_48hpi_adult_Uninfected_Sample2_Sample2
80    Male           Ciliated VIC01_48hpi_adult_Uninfected_Sample3_Sample3
81  Female           Ciliated   VIC01_48hpi_child_Infected_Sample5_Sample5
82  Female           Ciliated VIC01_48hpi_child_Uninfected_Sample4_Sample4
83  Female           Ciliated VIC01_48hpi_child_Uninfected_Sample5_Sample5
84    Male           Ciliated VIC01_48hpi_child_Uninfected_Sample6_Sample6
85    Male           Ciliated   VIC01_72hpi_adult_Infected_Sample1_Sample1
86  Female           Ciliated   VIC01_72hpi_adult_Infected_Sample2_Sample2
87    Male           Ciliated   VIC01_72hpi_adult_Infected_Sample3_Sample3
88    Male           Ciliated VIC01_72hpi_adult_Uninfected_Sample1_Sample1
89  Female           Ciliated VIC01_72hpi_adult_Uninfected_Sample2_Sample2
90    Male           Ciliated VIC01_72hpi_adult_Uninfected_Sample3_Sample3
91  Female           Ciliated   VIC01_72hpi_child_Infected_Sample4_Sample4
92  Female           Ciliated   VIC01_72hpi_child_Infected_Sample5_Sample5
93    Male           Ciliated   VIC01_72hpi_child_Infected_Sample6_Sample6
94  Female           Ciliated VIC01_72hpi_child_Uninfected_Sample4_Sample4
95  Female           Ciliated VIC01_72hpi_child_Uninfected_Sample5_Sample5
96    Male           Ciliated VIC01_72hpi_child_Uninfected_Sample6_Sample6
97    Male      Cycling_basal      UK_72hpi_adult_Infected_Sample1_Sample1
98  Female      Cycling_basal      UK_72hpi_adult_Infected_Sample2_Sample2
99    Male      Cycling_basal      UK_72hpi_adult_Infected_Sample3_Sample3
100   Male      Cycling_basal    UK_72hpi_adult_Uninfected_Sample1_Sample1
101 Female      Cycling_basal    UK_72hpi_adult_Uninfected_Sample2_Sample2
102   Male      Cycling_basal    UK_72hpi_adult_Uninfected_Sample3_Sample3
103 Female      Cycling_basal      UK_72hpi_child_Infected_Sample4_Sample4
104 Female      Cycling_basal      UK_72hpi_child_Infected_Sample5_Sample5
105   Male      Cycling_basal      UK_72hpi_child_Infected_Sample6_Sample6
106 Female      Cycling_basal    UK_72hpi_child_Uninfected_Sample4_Sample4
107 Female      Cycling_basal    UK_72hpi_child_Uninfected_Sample5_Sample5
108   Male      Cycling_basal    UK_72hpi_child_Uninfected_Sample6_Sample6
109   Male      Cycling_basal  uninfected_adult_Uninfected_Sample1_Sample1
110 Female      Cycling_basal  uninfected_adult_Uninfected_Sample2_Sample2
111   Male      Cycling_basal  uninfected_adult_Uninfected_Sample3_Sample3
112 Female      Cycling_basal  uninfected_child_Uninfected_Sample4_Sample4
113 Female      Cycling_basal  uninfected_child_Uninfected_Sample5_Sample5
114   Male      Cycling_basal  uninfected_child_Uninfected_Sample6_Sample6
115   Male      Cycling_basal VIC01_48hpi_adult_Uninfected_Sample1_Sample1
116 Female      Cycling_basal VIC01_48hpi_adult_Uninfected_Sample2_Sample2
117   Male      Cycling_basal VIC01_48hpi_adult_Uninfected_Sample3_Sample3
118 Female      Cycling_basal VIC01_48hpi_child_Uninfected_Sample4_Sample4
119 Female      Cycling_basal VIC01_48hpi_child_Uninfected_Sample5_Sample5
120   Male      Cycling_basal VIC01_48hpi_child_Uninfected_Sample6_Sample6
121 Female      Cycling_basal   VIC01_72hpi_adult_Infected_Sample2_Sample2
122   Male      Cycling_basal VIC01_72hpi_adult_Uninfected_Sample1_Sample1
123 Female      Cycling_basal VIC01_72hpi_adult_Uninfected_Sample2_Sample2
124   Male      Cycling_basal VIC01_72hpi_adult_Uninfected_Sample3_Sample3
125 Female      Cycling_basal   VIC01_72hpi_child_Infected_Sample4_Sample4
126 Female      Cycling_basal   VIC01_72hpi_child_Infected_Sample5_Sample5
127   Male      Cycling_basal   VIC01_72hpi_child_Infected_Sample6_Sample6
128 Female      Cycling_basal VIC01_72hpi_child_Uninfected_Sample4_Sample4
129 Female      Cycling_basal VIC01_72hpi_child_Uninfected_Sample5_Sample5
130   Male      Cycling_basal VIC01_72hpi_child_Uninfected_Sample6_Sample6
131   Male       Deuterosomal      UK_72hpi_adult_Infected_Sample1_Sample1
132 Female       Deuterosomal      UK_72hpi_adult_Infected_Sample2_Sample2
133   Male       Deuterosomal      UK_72hpi_adult_Infected_Sample3_Sample3
134 Female       Deuterosomal      UK_72hpi_child_Infected_Sample5_Sample5
135   Male       Deuterosomal      UK_72hpi_child_Infected_Sample6_Sample6
136 Female       Deuterosomal    UK_72hpi_child_Uninfected_Sample4_Sample4
137   Male       Deuterosomal    UK_72hpi_child_Uninfected_Sample6_Sample6
138   Male       Deuterosomal  uninfected_adult_Uninfected_Sample1_Sample1
139 Female       Deuterosomal  uninfected_adult_Uninfected_Sample2_Sample2
140   Male       Deuterosomal  uninfected_adult_Uninfected_Sample3_Sample3
141 Female       Deuterosomal  uninfected_child_Uninfected_Sample4_Sample4
142 Female       Deuterosomal  uninfected_child_Uninfected_Sample5_Sample5
143   Male       Deuterosomal  uninfected_child_Uninfected_Sample6_Sample6
144   Male       Deuterosomal VIC01_48hpi_adult_Uninfected_Sample1_Sample1
145 Female       Deuterosomal VIC01_48hpi_adult_Uninfected_Sample2_Sample2
146   Male       Deuterosomal VIC01_48hpi_adult_Uninfected_Sample3_Sample3
147 Female       Deuterosomal   VIC01_48hpi_child_Infected_Sample5_Sample5
148 Female       Deuterosomal VIC01_48hpi_child_Uninfected_Sample4_Sample4
149 Female       Deuterosomal VIC01_48hpi_child_Uninfected_Sample5_Sample5
150   Male       Deuterosomal VIC01_48hpi_child_Uninfected_Sample6_Sample6
151 Female       Deuterosomal   VIC01_72hpi_adult_Infected_Sample2_Sample2
152   Male       Deuterosomal VIC01_72hpi_adult_Uninfected_Sample1_Sample1
153 Female       Deuterosomal VIC01_72hpi_adult_Uninfected_Sample2_Sample2
154   Male       Deuterosomal VIC01_72hpi_adult_Uninfected_Sample3_Sample3
155 Female       Deuterosomal   VIC01_72hpi_child_Infected_Sample4_Sample4
156 Female       Deuterosomal   VIC01_72hpi_child_Infected_Sample5_Sample5
157   Male       Deuterosomal   VIC01_72hpi_child_Infected_Sample6_Sample6
158 Female       Deuterosomal VIC01_72hpi_child_Uninfected_Sample5_Sample5
159   Male       Deuterosomal VIC01_72hpi_child_Uninfected_Sample6_Sample6
160 Female    Goblet_Ionocyte      UK_72hpi_child_Infected_Sample4_Sample4
161 Female    Goblet_Ionocyte      UK_72hpi_child_Infected_Sample5_Sample5
162   Male    Goblet_Ionocyte  uninfected_adult_Uninfected_Sample3_Sample3
163   Male    Goblet_Ionocyte VIC01_48hpi_adult_Uninfected_Sample1_Sample1
164 Female    Goblet_Ionocyte VIC01_48hpi_child_Uninfected_Sample4_Sample4
165   Male    Goblet_Ionocyte VIC01_72hpi_adult_Uninfected_Sample1_Sample1
166 Female    Goblet_Ionocyte VIC01_72hpi_adult_Uninfected_Sample2_Sample2
167   Male    Goblet_Ionocyte VIC01_72hpi_adult_Uninfected_Sample3_Sample3
168 Female    Goblet_Ionocyte   VIC01_72hpi_child_Infected_Sample4_Sample4
169   Male             Goblet      UK_72hpi_adult_Infected_Sample1_Sample1
170 Female             Goblet      UK_72hpi_adult_Infected_Sample2_Sample2
171   Male             Goblet      UK_72hpi_adult_Infected_Sample3_Sample3
172   Male             Goblet    UK_72hpi_adult_Uninfected_Sample1_Sample1
173   Male             Goblet    UK_72hpi_adult_Uninfected_Sample3_Sample3
174 Female             Goblet      UK_72hpi_child_Infected_Sample4_Sample4
175 Female             Goblet      UK_72hpi_child_Infected_Sample5_Sample5
176   Male             Goblet      UK_72hpi_child_Infected_Sample6_Sample6
177 Female             Goblet    UK_72hpi_child_Uninfected_Sample4_Sample4
178 Female             Goblet    UK_72hpi_child_Uninfected_Sample5_Sample5
179   Male             Goblet    UK_72hpi_child_Uninfected_Sample6_Sample6
180   Male             Goblet  uninfected_adult_Uninfected_Sample1_Sample1
181 Female             Goblet  uninfected_adult_Uninfected_Sample2_Sample2
182   Male             Goblet  uninfected_adult_Uninfected_Sample3_Sample3
183 Female             Goblet  uninfected_child_Uninfected_Sample4_Sample4
184 Female             Goblet  uninfected_child_Uninfected_Sample5_Sample5
185   Male             Goblet  uninfected_child_Uninfected_Sample6_Sample6
186   Male             Goblet VIC01_48hpi_adult_Uninfected_Sample1_Sample1
187 Female             Goblet VIC01_48hpi_adult_Uninfected_Sample2_Sample2
188   Male             Goblet VIC01_48hpi_adult_Uninfected_Sample3_Sample3
189 Female             Goblet VIC01_48hpi_child_Uninfected_Sample4_Sample4
190 Female             Goblet VIC01_48hpi_child_Uninfected_Sample5_Sample5
191   Male             Goblet VIC01_48hpi_child_Uninfected_Sample6_Sample6
192   Male             Goblet VIC01_72hpi_adult_Uninfected_Sample1_Sample1
193 Female             Goblet VIC01_72hpi_adult_Uninfected_Sample2_Sample2
194   Male             Goblet VIC01_72hpi_adult_Uninfected_Sample3_Sample3
195 Female             Goblet   VIC01_72hpi_child_Infected_Sample4_Sample4
196 Female             Goblet   VIC01_72hpi_child_Infected_Sample5_Sample5
197   Male             Goblet   VIC01_72hpi_child_Infected_Sample6_Sample6
198 Female             Goblet VIC01_72hpi_child_Uninfected_Sample4_Sample4
199 Female             Goblet VIC01_72hpi_child_Uninfected_Sample5_Sample5
200   Male             Goblet VIC01_72hpi_child_Uninfected_Sample6_Sample6
201   Male           Ionocyte      UK_72hpi_adult_Infected_Sample1_Sample1
202 Female           Ionocyte      UK_72hpi_adult_Infected_Sample2_Sample2
203   Male           Ionocyte      UK_72hpi_adult_Infected_Sample3_Sample3
204 Female           Ionocyte      UK_72hpi_child_Infected_Sample4_Sample4
205 Female           Ionocyte      UK_72hpi_child_Infected_Sample5_Sample5
206   Male           Ionocyte  uninfected_adult_Uninfected_Sample1_Sample1
207 Female           Ionocyte  uninfected_adult_Uninfected_Sample2_Sample2
208   Male           Ionocyte  uninfected_adult_Uninfected_Sample3_Sample3
209 Female           Ionocyte  uninfected_child_Uninfected_Sample5_Sample5
210   Male           Ionocyte VIC01_48hpi_adult_Uninfected_Sample1_Sample1
211 Female           Ionocyte VIC01_48hpi_adult_Uninfected_Sample2_Sample2
212   Male           Ionocyte VIC01_48hpi_adult_Uninfected_Sample3_Sample3
213 Female           Ionocyte VIC01_48hpi_child_Uninfected_Sample4_Sample4
214 Female           Ionocyte VIC01_48hpi_child_Uninfected_Sample5_Sample5
215   Male           Ionocyte VIC01_72hpi_adult_Uninfected_Sample1_Sample1
216 Female           Ionocyte VIC01_72hpi_adult_Uninfected_Sample2_Sample2
217   Male           Ionocyte VIC01_72hpi_adult_Uninfected_Sample3_Sample3
218 Female           Ionocyte   VIC01_72hpi_child_Infected_Sample4_Sample4
219 Female           Ionocyte   VIC01_72hpi_child_Infected_Sample5_Sample5
220   Male Secretory_Ciliated      UK_72hpi_adult_Infected_Sample1_Sample1
221 Female Secretory_Ciliated      UK_72hpi_adult_Infected_Sample2_Sample2
222   Male Secretory_Ciliated      UK_72hpi_adult_Infected_Sample3_Sample3
223 Female Secretory_Ciliated      UK_72hpi_child_Infected_Sample4_Sample4
224 Female Secretory_Ciliated      UK_72hpi_child_Infected_Sample5_Sample5
225   Male Secretory_Ciliated      UK_72hpi_child_Infected_Sample6_Sample6
226   Male Secretory_Ciliated  uninfected_adult_Uninfected_Sample1_Sample1
227 Female Secretory_Ciliated  uninfected_adult_Uninfected_Sample2_Sample2
228   Male Secretory_Ciliated  uninfected_adult_Uninfected_Sample3_Sample3
229 Female Secretory_Ciliated  uninfected_child_Uninfected_Sample4_Sample4
230 Female Secretory_Ciliated  uninfected_child_Uninfected_Sample5_Sample5
231   Male Secretory_Ciliated VIC01_48hpi_adult_Uninfected_Sample1_Sample1
232 Female Secretory_Ciliated VIC01_48hpi_adult_Uninfected_Sample2_Sample2
233   Male Secretory_Ciliated VIC01_48hpi_adult_Uninfected_Sample3_Sample3
234 Female Secretory_Ciliated   VIC01_48hpi_child_Infected_Sample5_Sample5
235 Female Secretory_Ciliated VIC01_48hpi_child_Uninfected_Sample4_Sample4
236 Female Secretory_Ciliated VIC01_48hpi_child_Uninfected_Sample5_Sample5
237   Male Secretory_Ciliated VIC01_48hpi_child_Uninfected_Sample6_Sample6
238   Male Secretory_Ciliated   VIC01_72hpi_adult_Infected_Sample1_Sample1
239 Female Secretory_Ciliated   VIC01_72hpi_adult_Infected_Sample2_Sample2
240   Male Secretory_Ciliated VIC01_72hpi_adult_Uninfected_Sample1_Sample1
241 Female Secretory_Ciliated VIC01_72hpi_adult_Uninfected_Sample2_Sample2
242   Male Secretory_Ciliated VIC01_72hpi_adult_Uninfected_Sample3_Sample3
243 Female Secretory_Ciliated   VIC01_72hpi_child_Infected_Sample4_Sample4
244 Female Secretory_Ciliated   VIC01_72hpi_child_Infected_Sample5_Sample5
245   Male Secretory_Ciliated   VIC01_72hpi_child_Infected_Sample6_Sample6
246 Female Secretory_Ciliated VIC01_72hpi_child_Uninfected_Sample4_Sample4
247   Male          Secretory      UK_72hpi_adult_Infected_Sample1_Sample1
248 Female          Secretory      UK_72hpi_adult_Infected_Sample2_Sample2
249   Male          Secretory      UK_72hpi_adult_Infected_Sample3_Sample3
250   Male          Secretory    UK_72hpi_adult_Uninfected_Sample1_Sample1
251 Female          Secretory    UK_72hpi_adult_Uninfected_Sample2_Sample2
252   Male          Secretory    UK_72hpi_adult_Uninfected_Sample3_Sample3
253 Female          Secretory      UK_72hpi_child_Infected_Sample4_Sample4
254 Female          Secretory      UK_72hpi_child_Infected_Sample5_Sample5
255   Male          Secretory      UK_72hpi_child_Infected_Sample6_Sample6
256 Female          Secretory    UK_72hpi_child_Uninfected_Sample4_Sample4
257 Female          Secretory    UK_72hpi_child_Uninfected_Sample5_Sample5
258   Male          Secretory    UK_72hpi_child_Uninfected_Sample6_Sample6
259   Male          Secretory  uninfected_adult_Uninfected_Sample1_Sample1
260 Female          Secretory  uninfected_adult_Uninfected_Sample2_Sample2
261   Male          Secretory  uninfected_adult_Uninfected_Sample3_Sample3
262 Female          Secretory  uninfected_child_Uninfected_Sample4_Sample4
263 Female          Secretory  uninfected_child_Uninfected_Sample5_Sample5
264   Male          Secretory  uninfected_child_Uninfected_Sample6_Sample6
265   Male          Secretory VIC01_48hpi_adult_Uninfected_Sample1_Sample1
266 Female          Secretory VIC01_48hpi_adult_Uninfected_Sample2_Sample2
267   Male          Secretory VIC01_48hpi_adult_Uninfected_Sample3_Sample3
268 Female          Secretory   VIC01_48hpi_child_Infected_Sample5_Sample5
269 Female          Secretory VIC01_48hpi_child_Uninfected_Sample4_Sample4
270 Female          Secretory VIC01_48hpi_child_Uninfected_Sample5_Sample5
271   Male          Secretory VIC01_48hpi_child_Uninfected_Sample6_Sample6
272   Male          Secretory   VIC01_72hpi_adult_Infected_Sample1_Sample1
273 Female          Secretory   VIC01_72hpi_adult_Infected_Sample2_Sample2
274   Male          Secretory   VIC01_72hpi_adult_Infected_Sample3_Sample3
275   Male          Secretory VIC01_72hpi_adult_Uninfected_Sample1_Sample1
276 Female          Secretory VIC01_72hpi_adult_Uninfected_Sample2_Sample2
277   Male          Secretory VIC01_72hpi_adult_Uninfected_Sample3_Sample3
278 Female          Secretory   VIC01_72hpi_child_Infected_Sample4_Sample4
279 Female          Secretory   VIC01_72hpi_child_Infected_Sample5_Sample5
280   Male          Secretory   VIC01_72hpi_child_Infected_Sample6_Sample6
281 Female          Secretory VIC01_72hpi_child_Uninfected_Sample4_Sample4
282 Female          Secretory VIC01_72hpi_child_Uninfected_Sample5_Sample5
283   Male          Secretory VIC01_72hpi_child_Uninfected_Sample6_Sample6
284   Male         Suprabasal      UK_72hpi_adult_Infected_Sample1_Sample1
285 Female         Suprabasal      UK_72hpi_adult_Infected_Sample2_Sample2
286   Male         Suprabasal      UK_72hpi_adult_Infected_Sample3_Sample3
287   Male         Suprabasal    UK_72hpi_adult_Uninfected_Sample1_Sample1
288 Female         Suprabasal    UK_72hpi_adult_Uninfected_Sample2_Sample2
289   Male         Suprabasal    UK_72hpi_adult_Uninfected_Sample3_Sample3
290 Female         Suprabasal      UK_72hpi_child_Infected_Sample4_Sample4
291 Female         Suprabasal      UK_72hpi_child_Infected_Sample5_Sample5
292   Male         Suprabasal      UK_72hpi_child_Infected_Sample6_Sample6
293 Female         Suprabasal    UK_72hpi_child_Uninfected_Sample4_Sample4
294 Female         Suprabasal    UK_72hpi_child_Uninfected_Sample5_Sample5
295   Male         Suprabasal    UK_72hpi_child_Uninfected_Sample6_Sample6
296   Male         Suprabasal  uninfected_adult_Uninfected_Sample1_Sample1
297 Female         Suprabasal  uninfected_adult_Uninfected_Sample2_Sample2
298   Male         Suprabasal  uninfected_adult_Uninfected_Sample3_Sample3
299 Female         Suprabasal  uninfected_child_Uninfected_Sample4_Sample4
300 Female         Suprabasal  uninfected_child_Uninfected_Sample5_Sample5
301   Male         Suprabasal  uninfected_child_Uninfected_Sample6_Sample6
302   Male         Suprabasal VIC01_48hpi_adult_Uninfected_Sample1_Sample1
303 Female         Suprabasal VIC01_48hpi_adult_Uninfected_Sample2_Sample2
304   Male         Suprabasal VIC01_48hpi_adult_Uninfected_Sample3_Sample3
305 Female         Suprabasal   VIC01_48hpi_child_Infected_Sample4_Sample4
306 Female         Suprabasal   VIC01_48hpi_child_Infected_Sample5_Sample5
307 Female         Suprabasal VIC01_48hpi_child_Uninfected_Sample4_Sample4
308 Female         Suprabasal VIC01_48hpi_child_Uninfected_Sample5_Sample5
309   Male         Suprabasal VIC01_48hpi_child_Uninfected_Sample6_Sample6
310   Male         Suprabasal   VIC01_72hpi_adult_Infected_Sample1_Sample1
311 Female         Suprabasal   VIC01_72hpi_adult_Infected_Sample2_Sample2
312   Male         Suprabasal   VIC01_72hpi_adult_Infected_Sample3_Sample3
313   Male         Suprabasal VIC01_72hpi_adult_Uninfected_Sample1_Sample1
314 Female         Suprabasal VIC01_72hpi_adult_Uninfected_Sample2_Sample2
315   Male         Suprabasal VIC01_72hpi_adult_Uninfected_Sample3_Sample3
316 Female         Suprabasal   VIC01_72hpi_child_Infected_Sample4_Sample4
317 Female         Suprabasal   VIC01_72hpi_child_Infected_Sample5_Sample5
318   Male         Suprabasal   VIC01_72hpi_child_Infected_Sample6_Sample6
319 Female         Suprabasal VIC01_72hpi_child_Uninfected_Sample4_Sample4
320 Female         Suprabasal VIC01_72hpi_child_Uninfected_Sample5_Sample5
321   Male         Suprabasal VIC01_72hpi_child_Uninfected_Sample6_Sample6
                                                            full_id
1                     Basal_UK_72hpi_adult_Infected_Sample1_Sample1
2                     Basal_UK_72hpi_adult_Infected_Sample2_Sample2
3                     Basal_UK_72hpi_adult_Infected_Sample3_Sample3
4                   Basal_UK_72hpi_adult_Uninfected_Sample1_Sample1
5                   Basal_UK_72hpi_adult_Uninfected_Sample2_Sample2
6                   Basal_UK_72hpi_adult_Uninfected_Sample3_Sample3
7                     Basal_UK_72hpi_child_Infected_Sample4_Sample4
8                     Basal_UK_72hpi_child_Infected_Sample5_Sample5
9                     Basal_UK_72hpi_child_Infected_Sample6_Sample6
10                  Basal_UK_72hpi_child_Uninfected_Sample4_Sample4
11                  Basal_UK_72hpi_child_Uninfected_Sample5_Sample5
12                  Basal_UK_72hpi_child_Uninfected_Sample6_Sample6
13                Basal_uninfected_adult_Uninfected_Sample1_Sample1
14                Basal_uninfected_adult_Uninfected_Sample2_Sample2
15                Basal_uninfected_adult_Uninfected_Sample3_Sample3
16                Basal_uninfected_child_Uninfected_Sample4_Sample4
17                Basal_uninfected_child_Uninfected_Sample5_Sample5
18                Basal_uninfected_child_Uninfected_Sample6_Sample6
19               Basal_VIC01_48hpi_adult_Uninfected_Sample1_Sample1
20               Basal_VIC01_48hpi_adult_Uninfected_Sample2_Sample2
21               Basal_VIC01_48hpi_adult_Uninfected_Sample3_Sample3
22               Basal_VIC01_48hpi_child_Uninfected_Sample4_Sample4
23               Basal_VIC01_48hpi_child_Uninfected_Sample5_Sample5
24               Basal_VIC01_48hpi_child_Uninfected_Sample6_Sample6
25                 Basal_VIC01_72hpi_adult_Infected_Sample1_Sample1
26                 Basal_VIC01_72hpi_adult_Infected_Sample2_Sample2
27               Basal_VIC01_72hpi_adult_Uninfected_Sample1_Sample1
28               Basal_VIC01_72hpi_adult_Uninfected_Sample2_Sample2
29               Basal_VIC01_72hpi_adult_Uninfected_Sample3_Sample3
30                 Basal_VIC01_72hpi_child_Infected_Sample4_Sample4
31                 Basal_VIC01_72hpi_child_Infected_Sample5_Sample5
32                 Basal_VIC01_72hpi_child_Infected_Sample6_Sample6
33               Basal_VIC01_72hpi_child_Uninfected_Sample4_Sample4
34               Basal_VIC01_72hpi_child_Uninfected_Sample5_Sample5
35               Basal_VIC01_72hpi_child_Uninfected_Sample6_Sample6
36               Brush_Tuft_UK_72hpi_adult_Infected_Sample2_Sample2
37               Brush_Tuft_UK_72hpi_adult_Infected_Sample3_Sample3
38             Brush_Tuft_UK_72hpi_adult_Uninfected_Sample1_Sample1
39               Brush_Tuft_UK_72hpi_child_Infected_Sample4_Sample4
40               Brush_Tuft_UK_72hpi_child_Infected_Sample5_Sample5
41             Brush_Tuft_UK_72hpi_child_Uninfected_Sample4_Sample4
42           Brush_Tuft_uninfected_adult_Uninfected_Sample1_Sample1
43           Brush_Tuft_uninfected_adult_Uninfected_Sample2_Sample2
44           Brush_Tuft_uninfected_adult_Uninfected_Sample3_Sample3
45           Brush_Tuft_uninfected_child_Uninfected_Sample4_Sample4
46           Brush_Tuft_uninfected_child_Uninfected_Sample5_Sample5
47          Brush_Tuft_VIC01_48hpi_adult_Uninfected_Sample1_Sample1
48          Brush_Tuft_VIC01_48hpi_adult_Uninfected_Sample2_Sample2
49          Brush_Tuft_VIC01_48hpi_adult_Uninfected_Sample3_Sample3
50          Brush_Tuft_VIC01_48hpi_child_Uninfected_Sample4_Sample4
51          Brush_Tuft_VIC01_48hpi_child_Uninfected_Sample5_Sample5
52          Brush_Tuft_VIC01_48hpi_child_Uninfected_Sample6_Sample6
53          Brush_Tuft_VIC01_72hpi_adult_Uninfected_Sample1_Sample1
54          Brush_Tuft_VIC01_72hpi_adult_Uninfected_Sample2_Sample2
55          Brush_Tuft_VIC01_72hpi_adult_Uninfected_Sample3_Sample3
56            Brush_Tuft_VIC01_72hpi_child_Infected_Sample4_Sample4
57            Brush_Tuft_VIC01_72hpi_child_Infected_Sample5_Sample5
58          Brush_Tuft_VIC01_72hpi_child_Uninfected_Sample5_Sample5
59          Brush_Tuft_VIC01_72hpi_child_Uninfected_Sample6_Sample6
60                 Ciliated_UK_72hpi_adult_Infected_Sample1_Sample1
61                 Ciliated_UK_72hpi_adult_Infected_Sample2_Sample2
62                 Ciliated_UK_72hpi_adult_Infected_Sample3_Sample3
63               Ciliated_UK_72hpi_adult_Uninfected_Sample1_Sample1
64               Ciliated_UK_72hpi_adult_Uninfected_Sample2_Sample2
65               Ciliated_UK_72hpi_adult_Uninfected_Sample3_Sample3
66                 Ciliated_UK_72hpi_child_Infected_Sample4_Sample4
67                 Ciliated_UK_72hpi_child_Infected_Sample5_Sample5
68                 Ciliated_UK_72hpi_child_Infected_Sample6_Sample6
69               Ciliated_UK_72hpi_child_Uninfected_Sample4_Sample4
70               Ciliated_UK_72hpi_child_Uninfected_Sample5_Sample5
71               Ciliated_UK_72hpi_child_Uninfected_Sample6_Sample6
72             Ciliated_uninfected_adult_Uninfected_Sample1_Sample1
73             Ciliated_uninfected_adult_Uninfected_Sample2_Sample2
74             Ciliated_uninfected_adult_Uninfected_Sample3_Sample3
75             Ciliated_uninfected_child_Uninfected_Sample4_Sample4
76             Ciliated_uninfected_child_Uninfected_Sample5_Sample5
77             Ciliated_uninfected_child_Uninfected_Sample6_Sample6
78            Ciliated_VIC01_48hpi_adult_Uninfected_Sample1_Sample1
79            Ciliated_VIC01_48hpi_adult_Uninfected_Sample2_Sample2
80            Ciliated_VIC01_48hpi_adult_Uninfected_Sample3_Sample3
81              Ciliated_VIC01_48hpi_child_Infected_Sample5_Sample5
82            Ciliated_VIC01_48hpi_child_Uninfected_Sample4_Sample4
83            Ciliated_VIC01_48hpi_child_Uninfected_Sample5_Sample5
84            Ciliated_VIC01_48hpi_child_Uninfected_Sample6_Sample6
85              Ciliated_VIC01_72hpi_adult_Infected_Sample1_Sample1
86              Ciliated_VIC01_72hpi_adult_Infected_Sample2_Sample2
87              Ciliated_VIC01_72hpi_adult_Infected_Sample3_Sample3
88            Ciliated_VIC01_72hpi_adult_Uninfected_Sample1_Sample1
89            Ciliated_VIC01_72hpi_adult_Uninfected_Sample2_Sample2
90            Ciliated_VIC01_72hpi_adult_Uninfected_Sample3_Sample3
91              Ciliated_VIC01_72hpi_child_Infected_Sample4_Sample4
92              Ciliated_VIC01_72hpi_child_Infected_Sample5_Sample5
93              Ciliated_VIC01_72hpi_child_Infected_Sample6_Sample6
94            Ciliated_VIC01_72hpi_child_Uninfected_Sample4_Sample4
95            Ciliated_VIC01_72hpi_child_Uninfected_Sample5_Sample5
96            Ciliated_VIC01_72hpi_child_Uninfected_Sample6_Sample6
97            Cycling_basal_UK_72hpi_adult_Infected_Sample1_Sample1
98            Cycling_basal_UK_72hpi_adult_Infected_Sample2_Sample2
99            Cycling_basal_UK_72hpi_adult_Infected_Sample3_Sample3
100         Cycling_basal_UK_72hpi_adult_Uninfected_Sample1_Sample1
101         Cycling_basal_UK_72hpi_adult_Uninfected_Sample2_Sample2
102         Cycling_basal_UK_72hpi_adult_Uninfected_Sample3_Sample3
103           Cycling_basal_UK_72hpi_child_Infected_Sample4_Sample4
104           Cycling_basal_UK_72hpi_child_Infected_Sample5_Sample5
105           Cycling_basal_UK_72hpi_child_Infected_Sample6_Sample6
106         Cycling_basal_UK_72hpi_child_Uninfected_Sample4_Sample4
107         Cycling_basal_UK_72hpi_child_Uninfected_Sample5_Sample5
108         Cycling_basal_UK_72hpi_child_Uninfected_Sample6_Sample6
109       Cycling_basal_uninfected_adult_Uninfected_Sample1_Sample1
110       Cycling_basal_uninfected_adult_Uninfected_Sample2_Sample2
111       Cycling_basal_uninfected_adult_Uninfected_Sample3_Sample3
112       Cycling_basal_uninfected_child_Uninfected_Sample4_Sample4
113       Cycling_basal_uninfected_child_Uninfected_Sample5_Sample5
114       Cycling_basal_uninfected_child_Uninfected_Sample6_Sample6
115      Cycling_basal_VIC01_48hpi_adult_Uninfected_Sample1_Sample1
116      Cycling_basal_VIC01_48hpi_adult_Uninfected_Sample2_Sample2
117      Cycling_basal_VIC01_48hpi_adult_Uninfected_Sample3_Sample3
118      Cycling_basal_VIC01_48hpi_child_Uninfected_Sample4_Sample4
119      Cycling_basal_VIC01_48hpi_child_Uninfected_Sample5_Sample5
120      Cycling_basal_VIC01_48hpi_child_Uninfected_Sample6_Sample6
121        Cycling_basal_VIC01_72hpi_adult_Infected_Sample2_Sample2
122      Cycling_basal_VIC01_72hpi_adult_Uninfected_Sample1_Sample1
123      Cycling_basal_VIC01_72hpi_adult_Uninfected_Sample2_Sample2
124      Cycling_basal_VIC01_72hpi_adult_Uninfected_Sample3_Sample3
125        Cycling_basal_VIC01_72hpi_child_Infected_Sample4_Sample4
126        Cycling_basal_VIC01_72hpi_child_Infected_Sample5_Sample5
127        Cycling_basal_VIC01_72hpi_child_Infected_Sample6_Sample6
128      Cycling_basal_VIC01_72hpi_child_Uninfected_Sample4_Sample4
129      Cycling_basal_VIC01_72hpi_child_Uninfected_Sample5_Sample5
130      Cycling_basal_VIC01_72hpi_child_Uninfected_Sample6_Sample6
131            Deuterosomal_UK_72hpi_adult_Infected_Sample1_Sample1
132            Deuterosomal_UK_72hpi_adult_Infected_Sample2_Sample2
133            Deuterosomal_UK_72hpi_adult_Infected_Sample3_Sample3
134            Deuterosomal_UK_72hpi_child_Infected_Sample5_Sample5
135            Deuterosomal_UK_72hpi_child_Infected_Sample6_Sample6
136          Deuterosomal_UK_72hpi_child_Uninfected_Sample4_Sample4
137          Deuterosomal_UK_72hpi_child_Uninfected_Sample6_Sample6
138        Deuterosomal_uninfected_adult_Uninfected_Sample1_Sample1
139        Deuterosomal_uninfected_adult_Uninfected_Sample2_Sample2
140        Deuterosomal_uninfected_adult_Uninfected_Sample3_Sample3
141        Deuterosomal_uninfected_child_Uninfected_Sample4_Sample4
142        Deuterosomal_uninfected_child_Uninfected_Sample5_Sample5
143        Deuterosomal_uninfected_child_Uninfected_Sample6_Sample6
144       Deuterosomal_VIC01_48hpi_adult_Uninfected_Sample1_Sample1
145       Deuterosomal_VIC01_48hpi_adult_Uninfected_Sample2_Sample2
146       Deuterosomal_VIC01_48hpi_adult_Uninfected_Sample3_Sample3
147         Deuterosomal_VIC01_48hpi_child_Infected_Sample5_Sample5
148       Deuterosomal_VIC01_48hpi_child_Uninfected_Sample4_Sample4
149       Deuterosomal_VIC01_48hpi_child_Uninfected_Sample5_Sample5
150       Deuterosomal_VIC01_48hpi_child_Uninfected_Sample6_Sample6
151         Deuterosomal_VIC01_72hpi_adult_Infected_Sample2_Sample2
152       Deuterosomal_VIC01_72hpi_adult_Uninfected_Sample1_Sample1
153       Deuterosomal_VIC01_72hpi_adult_Uninfected_Sample2_Sample2
154       Deuterosomal_VIC01_72hpi_adult_Uninfected_Sample3_Sample3
155         Deuterosomal_VIC01_72hpi_child_Infected_Sample4_Sample4
156         Deuterosomal_VIC01_72hpi_child_Infected_Sample5_Sample5
157         Deuterosomal_VIC01_72hpi_child_Infected_Sample6_Sample6
158       Deuterosomal_VIC01_72hpi_child_Uninfected_Sample5_Sample5
159       Deuterosomal_VIC01_72hpi_child_Uninfected_Sample6_Sample6
160         Goblet_Ionocyte_UK_72hpi_child_Infected_Sample4_Sample4
161         Goblet_Ionocyte_UK_72hpi_child_Infected_Sample5_Sample5
162     Goblet_Ionocyte_uninfected_adult_Uninfected_Sample3_Sample3
163    Goblet_Ionocyte_VIC01_48hpi_adult_Uninfected_Sample1_Sample1
164    Goblet_Ionocyte_VIC01_48hpi_child_Uninfected_Sample4_Sample4
165    Goblet_Ionocyte_VIC01_72hpi_adult_Uninfected_Sample1_Sample1
166    Goblet_Ionocyte_VIC01_72hpi_adult_Uninfected_Sample2_Sample2
167    Goblet_Ionocyte_VIC01_72hpi_adult_Uninfected_Sample3_Sample3
168      Goblet_Ionocyte_VIC01_72hpi_child_Infected_Sample4_Sample4
169                  Goblet_UK_72hpi_adult_Infected_Sample1_Sample1
170                  Goblet_UK_72hpi_adult_Infected_Sample2_Sample2
171                  Goblet_UK_72hpi_adult_Infected_Sample3_Sample3
172                Goblet_UK_72hpi_adult_Uninfected_Sample1_Sample1
173                Goblet_UK_72hpi_adult_Uninfected_Sample3_Sample3
174                  Goblet_UK_72hpi_child_Infected_Sample4_Sample4
175                  Goblet_UK_72hpi_child_Infected_Sample5_Sample5
176                  Goblet_UK_72hpi_child_Infected_Sample6_Sample6
177                Goblet_UK_72hpi_child_Uninfected_Sample4_Sample4
178                Goblet_UK_72hpi_child_Uninfected_Sample5_Sample5
179                Goblet_UK_72hpi_child_Uninfected_Sample6_Sample6
180              Goblet_uninfected_adult_Uninfected_Sample1_Sample1
181              Goblet_uninfected_adult_Uninfected_Sample2_Sample2
182              Goblet_uninfected_adult_Uninfected_Sample3_Sample3
183              Goblet_uninfected_child_Uninfected_Sample4_Sample4
184              Goblet_uninfected_child_Uninfected_Sample5_Sample5
185              Goblet_uninfected_child_Uninfected_Sample6_Sample6
186             Goblet_VIC01_48hpi_adult_Uninfected_Sample1_Sample1
187             Goblet_VIC01_48hpi_adult_Uninfected_Sample2_Sample2
188             Goblet_VIC01_48hpi_adult_Uninfected_Sample3_Sample3
189             Goblet_VIC01_48hpi_child_Uninfected_Sample4_Sample4
190             Goblet_VIC01_48hpi_child_Uninfected_Sample5_Sample5
191             Goblet_VIC01_48hpi_child_Uninfected_Sample6_Sample6
192             Goblet_VIC01_72hpi_adult_Uninfected_Sample1_Sample1
193             Goblet_VIC01_72hpi_adult_Uninfected_Sample2_Sample2
194             Goblet_VIC01_72hpi_adult_Uninfected_Sample3_Sample3
195               Goblet_VIC01_72hpi_child_Infected_Sample4_Sample4
196               Goblet_VIC01_72hpi_child_Infected_Sample5_Sample5
197               Goblet_VIC01_72hpi_child_Infected_Sample6_Sample6
198             Goblet_VIC01_72hpi_child_Uninfected_Sample4_Sample4
199             Goblet_VIC01_72hpi_child_Uninfected_Sample5_Sample5
200             Goblet_VIC01_72hpi_child_Uninfected_Sample6_Sample6
201                Ionocyte_UK_72hpi_adult_Infected_Sample1_Sample1
202                Ionocyte_UK_72hpi_adult_Infected_Sample2_Sample2
203                Ionocyte_UK_72hpi_adult_Infected_Sample3_Sample3
204                Ionocyte_UK_72hpi_child_Infected_Sample4_Sample4
205                Ionocyte_UK_72hpi_child_Infected_Sample5_Sample5
206            Ionocyte_uninfected_adult_Uninfected_Sample1_Sample1
207            Ionocyte_uninfected_adult_Uninfected_Sample2_Sample2
208            Ionocyte_uninfected_adult_Uninfected_Sample3_Sample3
209            Ionocyte_uninfected_child_Uninfected_Sample5_Sample5
210           Ionocyte_VIC01_48hpi_adult_Uninfected_Sample1_Sample1
211           Ionocyte_VIC01_48hpi_adult_Uninfected_Sample2_Sample2
212           Ionocyte_VIC01_48hpi_adult_Uninfected_Sample3_Sample3
213           Ionocyte_VIC01_48hpi_child_Uninfected_Sample4_Sample4
214           Ionocyte_VIC01_48hpi_child_Uninfected_Sample5_Sample5
215           Ionocyte_VIC01_72hpi_adult_Uninfected_Sample1_Sample1
216           Ionocyte_VIC01_72hpi_adult_Uninfected_Sample2_Sample2
217           Ionocyte_VIC01_72hpi_adult_Uninfected_Sample3_Sample3
218             Ionocyte_VIC01_72hpi_child_Infected_Sample4_Sample4
219             Ionocyte_VIC01_72hpi_child_Infected_Sample5_Sample5
220      Secretory_Ciliated_UK_72hpi_adult_Infected_Sample1_Sample1
221      Secretory_Ciliated_UK_72hpi_adult_Infected_Sample2_Sample2
222      Secretory_Ciliated_UK_72hpi_adult_Infected_Sample3_Sample3
223      Secretory_Ciliated_UK_72hpi_child_Infected_Sample4_Sample4
224      Secretory_Ciliated_UK_72hpi_child_Infected_Sample5_Sample5
225      Secretory_Ciliated_UK_72hpi_child_Infected_Sample6_Sample6
226  Secretory_Ciliated_uninfected_adult_Uninfected_Sample1_Sample1
227  Secretory_Ciliated_uninfected_adult_Uninfected_Sample2_Sample2
228  Secretory_Ciliated_uninfected_adult_Uninfected_Sample3_Sample3
229  Secretory_Ciliated_uninfected_child_Uninfected_Sample4_Sample4
230  Secretory_Ciliated_uninfected_child_Uninfected_Sample5_Sample5
231 Secretory_Ciliated_VIC01_48hpi_adult_Uninfected_Sample1_Sample1
232 Secretory_Ciliated_VIC01_48hpi_adult_Uninfected_Sample2_Sample2
233 Secretory_Ciliated_VIC01_48hpi_adult_Uninfected_Sample3_Sample3
234   Secretory_Ciliated_VIC01_48hpi_child_Infected_Sample5_Sample5
235 Secretory_Ciliated_VIC01_48hpi_child_Uninfected_Sample4_Sample4
236 Secretory_Ciliated_VIC01_48hpi_child_Uninfected_Sample5_Sample5
237 Secretory_Ciliated_VIC01_48hpi_child_Uninfected_Sample6_Sample6
238   Secretory_Ciliated_VIC01_72hpi_adult_Infected_Sample1_Sample1
239   Secretory_Ciliated_VIC01_72hpi_adult_Infected_Sample2_Sample2
240 Secretory_Ciliated_VIC01_72hpi_adult_Uninfected_Sample1_Sample1
241 Secretory_Ciliated_VIC01_72hpi_adult_Uninfected_Sample2_Sample2
242 Secretory_Ciliated_VIC01_72hpi_adult_Uninfected_Sample3_Sample3
243   Secretory_Ciliated_VIC01_72hpi_child_Infected_Sample4_Sample4
244   Secretory_Ciliated_VIC01_72hpi_child_Infected_Sample5_Sample5
245   Secretory_Ciliated_VIC01_72hpi_child_Infected_Sample6_Sample6
246 Secretory_Ciliated_VIC01_72hpi_child_Uninfected_Sample4_Sample4
247               Secretory_UK_72hpi_adult_Infected_Sample1_Sample1
248               Secretory_UK_72hpi_adult_Infected_Sample2_Sample2
249               Secretory_UK_72hpi_adult_Infected_Sample3_Sample3
250             Secretory_UK_72hpi_adult_Uninfected_Sample1_Sample1
251             Secretory_UK_72hpi_adult_Uninfected_Sample2_Sample2
252             Secretory_UK_72hpi_adult_Uninfected_Sample3_Sample3
253               Secretory_UK_72hpi_child_Infected_Sample4_Sample4
254               Secretory_UK_72hpi_child_Infected_Sample5_Sample5
255               Secretory_UK_72hpi_child_Infected_Sample6_Sample6
256             Secretory_UK_72hpi_child_Uninfected_Sample4_Sample4
257             Secretory_UK_72hpi_child_Uninfected_Sample5_Sample5
258             Secretory_UK_72hpi_child_Uninfected_Sample6_Sample6
259           Secretory_uninfected_adult_Uninfected_Sample1_Sample1
260           Secretory_uninfected_adult_Uninfected_Sample2_Sample2
261           Secretory_uninfected_adult_Uninfected_Sample3_Sample3
262           Secretory_uninfected_child_Uninfected_Sample4_Sample4
263           Secretory_uninfected_child_Uninfected_Sample5_Sample5
264           Secretory_uninfected_child_Uninfected_Sample6_Sample6
265          Secretory_VIC01_48hpi_adult_Uninfected_Sample1_Sample1
266          Secretory_VIC01_48hpi_adult_Uninfected_Sample2_Sample2
267          Secretory_VIC01_48hpi_adult_Uninfected_Sample3_Sample3
268            Secretory_VIC01_48hpi_child_Infected_Sample5_Sample5
269          Secretory_VIC01_48hpi_child_Uninfected_Sample4_Sample4
270          Secretory_VIC01_48hpi_child_Uninfected_Sample5_Sample5
271          Secretory_VIC01_48hpi_child_Uninfected_Sample6_Sample6
272            Secretory_VIC01_72hpi_adult_Infected_Sample1_Sample1
273            Secretory_VIC01_72hpi_adult_Infected_Sample2_Sample2
274            Secretory_VIC01_72hpi_adult_Infected_Sample3_Sample3
275          Secretory_VIC01_72hpi_adult_Uninfected_Sample1_Sample1
276          Secretory_VIC01_72hpi_adult_Uninfected_Sample2_Sample2
277          Secretory_VIC01_72hpi_adult_Uninfected_Sample3_Sample3
278            Secretory_VIC01_72hpi_child_Infected_Sample4_Sample4
279            Secretory_VIC01_72hpi_child_Infected_Sample5_Sample5
280            Secretory_VIC01_72hpi_child_Infected_Sample6_Sample6
281          Secretory_VIC01_72hpi_child_Uninfected_Sample4_Sample4
282          Secretory_VIC01_72hpi_child_Uninfected_Sample5_Sample5
283          Secretory_VIC01_72hpi_child_Uninfected_Sample6_Sample6
284              Suprabasal_UK_72hpi_adult_Infected_Sample1_Sample1
285              Suprabasal_UK_72hpi_adult_Infected_Sample2_Sample2
286              Suprabasal_UK_72hpi_adult_Infected_Sample3_Sample3
287            Suprabasal_UK_72hpi_adult_Uninfected_Sample1_Sample1
288            Suprabasal_UK_72hpi_adult_Uninfected_Sample2_Sample2
289            Suprabasal_UK_72hpi_adult_Uninfected_Sample3_Sample3
290              Suprabasal_UK_72hpi_child_Infected_Sample4_Sample4
291              Suprabasal_UK_72hpi_child_Infected_Sample5_Sample5
292              Suprabasal_UK_72hpi_child_Infected_Sample6_Sample6
293            Suprabasal_UK_72hpi_child_Uninfected_Sample4_Sample4
294            Suprabasal_UK_72hpi_child_Uninfected_Sample5_Sample5
295            Suprabasal_UK_72hpi_child_Uninfected_Sample6_Sample6
296          Suprabasal_uninfected_adult_Uninfected_Sample1_Sample1
297          Suprabasal_uninfected_adult_Uninfected_Sample2_Sample2
298          Suprabasal_uninfected_adult_Uninfected_Sample3_Sample3
299          Suprabasal_uninfected_child_Uninfected_Sample4_Sample4
300          Suprabasal_uninfected_child_Uninfected_Sample5_Sample5
301          Suprabasal_uninfected_child_Uninfected_Sample6_Sample6
302         Suprabasal_VIC01_48hpi_adult_Uninfected_Sample1_Sample1
303         Suprabasal_VIC01_48hpi_adult_Uninfected_Sample2_Sample2
304         Suprabasal_VIC01_48hpi_adult_Uninfected_Sample3_Sample3
305           Suprabasal_VIC01_48hpi_child_Infected_Sample4_Sample4
306           Suprabasal_VIC01_48hpi_child_Infected_Sample5_Sample5
307         Suprabasal_VIC01_48hpi_child_Uninfected_Sample4_Sample4
308         Suprabasal_VIC01_48hpi_child_Uninfected_Sample5_Sample5
309         Suprabasal_VIC01_48hpi_child_Uninfected_Sample6_Sample6
310           Suprabasal_VIC01_72hpi_adult_Infected_Sample1_Sample1
311           Suprabasal_VIC01_72hpi_adult_Infected_Sample2_Sample2
312           Suprabasal_VIC01_72hpi_adult_Infected_Sample3_Sample3
313         Suprabasal_VIC01_72hpi_adult_Uninfected_Sample1_Sample1
314         Suprabasal_VIC01_72hpi_adult_Uninfected_Sample2_Sample2
315         Suprabasal_VIC01_72hpi_adult_Uninfected_Sample3_Sample3
316           Suprabasal_VIC01_72hpi_child_Infected_Sample4_Sample4
317           Suprabasal_VIC01_72hpi_child_Infected_Sample5_Sample5
318           Suprabasal_VIC01_72hpi_child_Infected_Sample6_Sample6
319         Suprabasal_VIC01_72hpi_child_Uninfected_Sample4_Sample4
320         Suprabasal_VIC01_72hpi_child_Uninfected_Sample5_Sample5
321         Suprabasal_VIC01_72hpi_child_Uninfected_Sample6_Sample6
                                         full_group n_cells
1                     Basal_UK_72hpi_adult_Infected     113
2                     Basal_UK_72hpi_adult_Infected     138
3                     Basal_UK_72hpi_adult_Infected     119
4                   Basal_UK_72hpi_adult_Uninfected      12
5                   Basal_UK_72hpi_adult_Uninfected      15
6                   Basal_UK_72hpi_adult_Uninfected      13
7                     Basal_UK_72hpi_child_Infected     129
8                     Basal_UK_72hpi_child_Infected     107
9                     Basal_UK_72hpi_child_Infected     153
10                  Basal_UK_72hpi_child_Uninfected       4
11                  Basal_UK_72hpi_child_Uninfected       3
12                  Basal_UK_72hpi_child_Uninfected      10
13                Basal_uninfected_adult_Uninfected     243
14                Basal_uninfected_adult_Uninfected      94
15                Basal_uninfected_adult_Uninfected     160
16                Basal_uninfected_child_Uninfected      53
17                Basal_uninfected_child_Uninfected      50
18                Basal_uninfected_child_Uninfected      67
19               Basal_VIC01_48hpi_adult_Uninfected     187
20               Basal_VIC01_48hpi_adult_Uninfected     103
21               Basal_VIC01_48hpi_adult_Uninfected     130
22               Basal_VIC01_48hpi_child_Uninfected     131
23               Basal_VIC01_48hpi_child_Uninfected      89
24               Basal_VIC01_48hpi_child_Uninfected     109
25                 Basal_VIC01_72hpi_adult_Infected       2
26                 Basal_VIC01_72hpi_adult_Infected       1
27               Basal_VIC01_72hpi_adult_Uninfected     165
28               Basal_VIC01_72hpi_adult_Uninfected     119
29               Basal_VIC01_72hpi_adult_Uninfected     122
30                 Basal_VIC01_72hpi_child_Infected      85
31                 Basal_VIC01_72hpi_child_Infected      87
32                 Basal_VIC01_72hpi_child_Infected      64
33               Basal_VIC01_72hpi_child_Uninfected      16
34               Basal_VIC01_72hpi_child_Uninfected      16
35               Basal_VIC01_72hpi_child_Uninfected      18
36               Brush_Tuft_UK_72hpi_adult_Infected       5
37               Brush_Tuft_UK_72hpi_adult_Infected       2
38             Brush_Tuft_UK_72hpi_adult_Uninfected       1
39               Brush_Tuft_UK_72hpi_child_Infected       3
40               Brush_Tuft_UK_72hpi_child_Infected       1
41             Brush_Tuft_UK_72hpi_child_Uninfected       1
42           Brush_Tuft_uninfected_adult_Uninfected      50
43           Brush_Tuft_uninfected_adult_Uninfected      47
44           Brush_Tuft_uninfected_adult_Uninfected      60
45           Brush_Tuft_uninfected_child_Uninfected       5
46           Brush_Tuft_uninfected_child_Uninfected      12
47          Brush_Tuft_VIC01_48hpi_adult_Uninfected       3
48          Brush_Tuft_VIC01_48hpi_adult_Uninfected       6
49          Brush_Tuft_VIC01_48hpi_adult_Uninfected       3
50          Brush_Tuft_VIC01_48hpi_child_Uninfected       8
51          Brush_Tuft_VIC01_48hpi_child_Uninfected       2
52          Brush_Tuft_VIC01_48hpi_child_Uninfected       1
53          Brush_Tuft_VIC01_72hpi_adult_Uninfected       1
54          Brush_Tuft_VIC01_72hpi_adult_Uninfected       7
55          Brush_Tuft_VIC01_72hpi_adult_Uninfected       4
56            Brush_Tuft_VIC01_72hpi_child_Infected       1
57            Brush_Tuft_VIC01_72hpi_child_Infected       2
58          Brush_Tuft_VIC01_72hpi_child_Uninfected       1
59          Brush_Tuft_VIC01_72hpi_child_Uninfected       1
60                 Ciliated_UK_72hpi_adult_Infected     230
61                 Ciliated_UK_72hpi_adult_Infected     203
62                 Ciliated_UK_72hpi_adult_Infected     185
63               Ciliated_UK_72hpi_adult_Uninfected      16
64               Ciliated_UK_72hpi_adult_Uninfected      23
65               Ciliated_UK_72hpi_adult_Uninfected      17
66                 Ciliated_UK_72hpi_child_Infected     115
67                 Ciliated_UK_72hpi_child_Infected     140
68                 Ciliated_UK_72hpi_child_Infected     168
69               Ciliated_UK_72hpi_child_Uninfected      11
70               Ciliated_UK_72hpi_child_Uninfected      12
71               Ciliated_UK_72hpi_child_Uninfected      18
72             Ciliated_uninfected_adult_Uninfected     370
73             Ciliated_uninfected_adult_Uninfected     483
74             Ciliated_uninfected_adult_Uninfected     944
75             Ciliated_uninfected_child_Uninfected     316
76             Ciliated_uninfected_child_Uninfected     315
77             Ciliated_uninfected_child_Uninfected    1051
78            Ciliated_VIC01_48hpi_adult_Uninfected     264
79            Ciliated_VIC01_48hpi_adult_Uninfected     288
80            Ciliated_VIC01_48hpi_adult_Uninfected     354
81              Ciliated_VIC01_48hpi_child_Infected       7
82            Ciliated_VIC01_48hpi_child_Uninfected     490
83            Ciliated_VIC01_48hpi_child_Uninfected     325
84            Ciliated_VIC01_48hpi_child_Uninfected     709
85              Ciliated_VIC01_72hpi_adult_Infected       7
86              Ciliated_VIC01_72hpi_adult_Infected       8
87              Ciliated_VIC01_72hpi_adult_Infected       6
88            Ciliated_VIC01_72hpi_adult_Uninfected     376
89            Ciliated_VIC01_72hpi_adult_Uninfected     230
90            Ciliated_VIC01_72hpi_adult_Uninfected     240
91              Ciliated_VIC01_72hpi_child_Infected      83
92              Ciliated_VIC01_72hpi_child_Infected     107
93              Ciliated_VIC01_72hpi_child_Infected     391
94            Ciliated_VIC01_72hpi_child_Uninfected      17
95            Ciliated_VIC01_72hpi_child_Uninfected      12
96            Ciliated_VIC01_72hpi_child_Uninfected      98
97            Cycling_basal_UK_72hpi_adult_Infected      24
98            Cycling_basal_UK_72hpi_adult_Infected      72
99            Cycling_basal_UK_72hpi_adult_Infected      51
100         Cycling_basal_UK_72hpi_adult_Uninfected       1
101         Cycling_basal_UK_72hpi_adult_Uninfected       7
102         Cycling_basal_UK_72hpi_adult_Uninfected       5
103           Cycling_basal_UK_72hpi_child_Infected      57
104           Cycling_basal_UK_72hpi_child_Infected      41
105           Cycling_basal_UK_72hpi_child_Infected      39
106         Cycling_basal_UK_72hpi_child_Uninfected       3
107         Cycling_basal_UK_72hpi_child_Uninfected       4
108         Cycling_basal_UK_72hpi_child_Uninfected       8
109       Cycling_basal_uninfected_adult_Uninfected     155
110       Cycling_basal_uninfected_adult_Uninfected     168
111       Cycling_basal_uninfected_adult_Uninfected     188
112       Cycling_basal_uninfected_child_Uninfected      52
113       Cycling_basal_uninfected_child_Uninfected      58
114       Cycling_basal_uninfected_child_Uninfected      12
115      Cycling_basal_VIC01_48hpi_adult_Uninfected      94
116      Cycling_basal_VIC01_48hpi_adult_Uninfected      94
117      Cycling_basal_VIC01_48hpi_adult_Uninfected     103
118      Cycling_basal_VIC01_48hpi_child_Uninfected     136
119      Cycling_basal_VIC01_48hpi_child_Uninfected      99
120      Cycling_basal_VIC01_48hpi_child_Uninfected      30
121        Cycling_basal_VIC01_72hpi_adult_Infected       1
122      Cycling_basal_VIC01_72hpi_adult_Uninfected      54
123      Cycling_basal_VIC01_72hpi_adult_Uninfected      56
124      Cycling_basal_VIC01_72hpi_adult_Uninfected      58
125        Cycling_basal_VIC01_72hpi_child_Infected      35
126        Cycling_basal_VIC01_72hpi_child_Infected      41
127        Cycling_basal_VIC01_72hpi_child_Infected       8
128      Cycling_basal_VIC01_72hpi_child_Uninfected       6
129      Cycling_basal_VIC01_72hpi_child_Uninfected      10
130      Cycling_basal_VIC01_72hpi_child_Uninfected       5
131            Deuterosomal_UK_72hpi_adult_Infected       5
132            Deuterosomal_UK_72hpi_adult_Infected       8
133            Deuterosomal_UK_72hpi_adult_Infected       4
134            Deuterosomal_UK_72hpi_child_Infected       1
135            Deuterosomal_UK_72hpi_child_Infected       2
136          Deuterosomal_UK_72hpi_child_Uninfected       2
137          Deuterosomal_UK_72hpi_child_Uninfected       2
138        Deuterosomal_uninfected_adult_Uninfected      26
139        Deuterosomal_uninfected_adult_Uninfected      52
140        Deuterosomal_uninfected_adult_Uninfected      90
141        Deuterosomal_uninfected_child_Uninfected      14
142        Deuterosomal_uninfected_child_Uninfected      20
143        Deuterosomal_uninfected_child_Uninfected      37
144       Deuterosomal_VIC01_48hpi_adult_Uninfected      12
145       Deuterosomal_VIC01_48hpi_adult_Uninfected      11
146       Deuterosomal_VIC01_48hpi_adult_Uninfected      22
147         Deuterosomal_VIC01_48hpi_child_Infected       1
148       Deuterosomal_VIC01_48hpi_child_Uninfected      14
149       Deuterosomal_VIC01_48hpi_child_Uninfected      14
150       Deuterosomal_VIC01_48hpi_child_Uninfected      25
151         Deuterosomal_VIC01_72hpi_adult_Infected       2
152       Deuterosomal_VIC01_72hpi_adult_Uninfected      10
153       Deuterosomal_VIC01_72hpi_adult_Uninfected      11
154       Deuterosomal_VIC01_72hpi_adult_Uninfected       7
155         Deuterosomal_VIC01_72hpi_child_Infected       5
156         Deuterosomal_VIC01_72hpi_child_Infected       7
157         Deuterosomal_VIC01_72hpi_child_Infected      18
158       Deuterosomal_VIC01_72hpi_child_Uninfected       1
159       Deuterosomal_VIC01_72hpi_child_Uninfected       5
160         Goblet_Ionocyte_UK_72hpi_child_Infected       2
161         Goblet_Ionocyte_UK_72hpi_child_Infected       1
162     Goblet_Ionocyte_uninfected_adult_Uninfected       1
163    Goblet_Ionocyte_VIC01_48hpi_adult_Uninfected       1
164    Goblet_Ionocyte_VIC01_48hpi_child_Uninfected       1
165    Goblet_Ionocyte_VIC01_72hpi_adult_Uninfected       1
166    Goblet_Ionocyte_VIC01_72hpi_adult_Uninfected       1
167    Goblet_Ionocyte_VIC01_72hpi_adult_Uninfected       1
168      Goblet_Ionocyte_VIC01_72hpi_child_Infected       1
169                  Goblet_UK_72hpi_adult_Infected      29
170                  Goblet_UK_72hpi_adult_Infected      17
171                  Goblet_UK_72hpi_adult_Infected      12
172                Goblet_UK_72hpi_adult_Uninfected       1
173                Goblet_UK_72hpi_adult_Uninfected       3
174                  Goblet_UK_72hpi_child_Infected      20
175                  Goblet_UK_72hpi_child_Infected      12
176                  Goblet_UK_72hpi_child_Infected      23
177                Goblet_UK_72hpi_child_Uninfected       8
178                Goblet_UK_72hpi_child_Uninfected       2
179                Goblet_UK_72hpi_child_Uninfected       3
180              Goblet_uninfected_adult_Uninfected     284
181              Goblet_uninfected_adult_Uninfected     165
182              Goblet_uninfected_adult_Uninfected     248
183              Goblet_uninfected_child_Uninfected      47
184              Goblet_uninfected_child_Uninfected      51
185              Goblet_uninfected_child_Uninfected     335
186             Goblet_VIC01_48hpi_adult_Uninfected      24
187             Goblet_VIC01_48hpi_adult_Uninfected      28
188             Goblet_VIC01_48hpi_adult_Uninfected      32
189             Goblet_VIC01_48hpi_child_Uninfected      68
190             Goblet_VIC01_48hpi_child_Uninfected      47
191             Goblet_VIC01_48hpi_child_Uninfected     207
192             Goblet_VIC01_72hpi_adult_Uninfected      28
193             Goblet_VIC01_72hpi_adult_Uninfected      18
194             Goblet_VIC01_72hpi_adult_Uninfected       8
195               Goblet_VIC01_72hpi_child_Infected      12
196               Goblet_VIC01_72hpi_child_Infected       5
197               Goblet_VIC01_72hpi_child_Infected      58
198             Goblet_VIC01_72hpi_child_Uninfected       6
199             Goblet_VIC01_72hpi_child_Uninfected       6
200             Goblet_VIC01_72hpi_child_Uninfected      39
201                Ionocyte_UK_72hpi_adult_Infected      12
202                Ionocyte_UK_72hpi_adult_Infected       8
203                Ionocyte_UK_72hpi_adult_Infected      14
204                Ionocyte_UK_72hpi_child_Infected       2
205                Ionocyte_UK_72hpi_child_Infected       3
206            Ionocyte_uninfected_adult_Uninfected       4
207            Ionocyte_uninfected_adult_Uninfected       5
208            Ionocyte_uninfected_adult_Uninfected      10
209            Ionocyte_uninfected_child_Uninfected       1
210           Ionocyte_VIC01_48hpi_adult_Uninfected      12
211           Ionocyte_VIC01_48hpi_adult_Uninfected       7
212           Ionocyte_VIC01_48hpi_adult_Uninfected      17
213           Ionocyte_VIC01_48hpi_child_Uninfected       5
214           Ionocyte_VIC01_48hpi_child_Uninfected       5
215           Ionocyte_VIC01_72hpi_adult_Uninfected       6
216           Ionocyte_VIC01_72hpi_adult_Uninfected       6
217           Ionocyte_VIC01_72hpi_adult_Uninfected      16
218             Ionocyte_VIC01_72hpi_child_Infected       3
219             Ionocyte_VIC01_72hpi_child_Infected       3
220      Secretory_Ciliated_UK_72hpi_adult_Infected      30
221      Secretory_Ciliated_UK_72hpi_adult_Infected      19
222      Secretory_Ciliated_UK_72hpi_adult_Infected      30
223      Secretory_Ciliated_UK_72hpi_child_Infected      19
224      Secretory_Ciliated_UK_72hpi_child_Infected      26
225      Secretory_Ciliated_UK_72hpi_child_Infected      13
226  Secretory_Ciliated_uninfected_adult_Uninfected       9
227  Secretory_Ciliated_uninfected_adult_Uninfected       5
228  Secretory_Ciliated_uninfected_adult_Uninfected       5
229  Secretory_Ciliated_uninfected_child_Uninfected       1
230  Secretory_Ciliated_uninfected_child_Uninfected       5
231 Secretory_Ciliated_VIC01_48hpi_adult_Uninfected      25
232 Secretory_Ciliated_VIC01_48hpi_adult_Uninfected      28
233 Secretory_Ciliated_VIC01_48hpi_adult_Uninfected      16
234   Secretory_Ciliated_VIC01_48hpi_child_Infected       2
235 Secretory_Ciliated_VIC01_48hpi_child_Uninfected      23
236 Secretory_Ciliated_VIC01_48hpi_child_Uninfected      10
237 Secretory_Ciliated_VIC01_48hpi_child_Uninfected       3
238   Secretory_Ciliated_VIC01_72hpi_adult_Infected       1
239   Secretory_Ciliated_VIC01_72hpi_adult_Infected       2
240 Secretory_Ciliated_VIC01_72hpi_adult_Uninfected      20
241 Secretory_Ciliated_VIC01_72hpi_adult_Uninfected       6
242 Secretory_Ciliated_VIC01_72hpi_adult_Uninfected      16
243   Secretory_Ciliated_VIC01_72hpi_child_Infected      26
244   Secretory_Ciliated_VIC01_72hpi_child_Infected      16
245   Secretory_Ciliated_VIC01_72hpi_child_Infected      12
246 Secretory_Ciliated_VIC01_72hpi_child_Uninfected       2
247               Secretory_UK_72hpi_adult_Infected     167
248               Secretory_UK_72hpi_adult_Infected     149
249               Secretory_UK_72hpi_adult_Infected      88
250             Secretory_UK_72hpi_adult_Uninfected      12
251             Secretory_UK_72hpi_adult_Uninfected      11
252             Secretory_UK_72hpi_adult_Uninfected      14
253               Secretory_UK_72hpi_child_Infected     106
254               Secretory_UK_72hpi_child_Infected     103
255               Secretory_UK_72hpi_child_Infected     131
256             Secretory_UK_72hpi_child_Uninfected      12
257             Secretory_UK_72hpi_child_Uninfected      10
258             Secretory_UK_72hpi_child_Uninfected      26
259           Secretory_uninfected_adult_Uninfected     507
260           Secretory_uninfected_adult_Uninfected     451
261           Secretory_uninfected_adult_Uninfected     573
262           Secretory_uninfected_child_Uninfected     123
263           Secretory_uninfected_child_Uninfected     119
264           Secretory_uninfected_child_Uninfected     587
265          Secretory_VIC01_48hpi_adult_Uninfected     183
266          Secretory_VIC01_48hpi_adult_Uninfected     202
267          Secretory_VIC01_48hpi_adult_Uninfected     197
268            Secretory_VIC01_48hpi_child_Infected       4
269          Secretory_VIC01_48hpi_child_Uninfected     357
270          Secretory_VIC01_48hpi_child_Uninfected     219
271          Secretory_VIC01_48hpi_child_Uninfected     392
272            Secretory_VIC01_72hpi_adult_Infected       6
273            Secretory_VIC01_72hpi_adult_Infected       7
274            Secretory_VIC01_72hpi_adult_Infected       4
275          Secretory_VIC01_72hpi_adult_Uninfected     170
276          Secretory_VIC01_72hpi_adult_Uninfected     156
277          Secretory_VIC01_72hpi_adult_Uninfected     147
278            Secretory_VIC01_72hpi_child_Infected      81
279            Secretory_VIC01_72hpi_child_Infected     126
280            Secretory_VIC01_72hpi_child_Infected     218
281          Secretory_VIC01_72hpi_child_Uninfected      12
282          Secretory_VIC01_72hpi_child_Uninfected      20
283          Secretory_VIC01_72hpi_child_Uninfected      94
284              Suprabasal_UK_72hpi_adult_Infected      73
285              Suprabasal_UK_72hpi_adult_Infected     149
286              Suprabasal_UK_72hpi_adult_Infected     121
287            Suprabasal_UK_72hpi_adult_Uninfected      11
288            Suprabasal_UK_72hpi_adult_Uninfected       4
289            Suprabasal_UK_72hpi_adult_Uninfected       5
290              Suprabasal_UK_72hpi_child_Infected     148
291              Suprabasal_UK_72hpi_child_Infected     128
292              Suprabasal_UK_72hpi_child_Infected     139
293            Suprabasal_UK_72hpi_child_Uninfected       1
294            Suprabasal_UK_72hpi_child_Uninfected       3
295            Suprabasal_UK_72hpi_child_Uninfected      10
296          Suprabasal_uninfected_adult_Uninfected     230
297          Suprabasal_uninfected_adult_Uninfected     158
298          Suprabasal_uninfected_adult_Uninfected     260
299          Suprabasal_uninfected_child_Uninfected      46
300          Suprabasal_uninfected_child_Uninfected      45
301          Suprabasal_uninfected_child_Uninfected      84
302         Suprabasal_VIC01_48hpi_adult_Uninfected     145
303         Suprabasal_VIC01_48hpi_adult_Uninfected     144
304         Suprabasal_VIC01_48hpi_adult_Uninfected     160
305           Suprabasal_VIC01_48hpi_child_Infected       1
306           Suprabasal_VIC01_48hpi_child_Infected       1
307         Suprabasal_VIC01_48hpi_child_Uninfected     313
308         Suprabasal_VIC01_48hpi_child_Uninfected     206
309         Suprabasal_VIC01_48hpi_child_Uninfected     118
310           Suprabasal_VIC01_72hpi_adult_Infected       1
311           Suprabasal_VIC01_72hpi_adult_Infected       2
312           Suprabasal_VIC01_72hpi_adult_Infected       1
313         Suprabasal_VIC01_72hpi_adult_Uninfected     112
314         Suprabasal_VIC01_72hpi_adult_Uninfected     143
315         Suprabasal_VIC01_72hpi_adult_Uninfected     117
316           Suprabasal_VIC01_72hpi_child_Infected     114
317           Suprabasal_VIC01_72hpi_child_Infected     112
318           Suprabasal_VIC01_72hpi_child_Infected      63
319         Suprabasal_VIC01_72hpi_child_Uninfected      13
320         Suprabasal_VIC01_72hpi_child_Uninfected      10
321         Suprabasal_VIC01_72hpi_child_Uninfected      24
[1] "dgCMatrix"
attr(,"package")
[1] "Matrix"
There were 20 warnings (use warnings() to see them)
null device 
          1 
Using tx2gene columns:
	transcript_id ---> 'feature_id'
	gene_id ---> 'gene_id'

Comparing in 'group': 'Basal_VIC01_72hpi_child_Infected' vs 'Basal_VIC01_72hpi_child_Uninfected'
Excluding 172 cells/samples for this comparison!

Proceed with cells/samples: 
  Basal_VIC01_72hpi_child_Infected Basal_VIC01_72hpi_child_Uninfected 
                                 3                                  3 

Filtering...

  |                                                                              |                                                                      |   0%  |                                                                              |======================================================================| 100%

Retain 9976 of 25112 features.
Removed 15136 features.

Performing statistical tests...

* Calculating mean gene expression.. 

* Estimating common precision.. 

! Using common_precision = 994.5664 as prec_init !

* Estimating genewise precision.. 

! Using loess fit as a shrinkage factor !

* Fitting the DM model.. 

   Using the one way approach. 

* Fitting the BB model.. 

   Using the one way approach. 

* Fitting the DM model.. 

   Using the one way approach. 

* Calculating likelihood ratio statistics.. 

* Fitting the BB model.. 

   Using the one way approach. 

* Calculating likelihood ratio statistics.. 

Posthoc filtered 3431 features.
The returned adjusted p-values are based on a stage-wise testing approach and are only valid for the provided target OFDR level of 5%. If a different target OFDR level is of interest,the entire adjustment should be re-run. 

No gene passed the screening test. If applicable try to adjust the OFDR level.
Error: The provided dturtle object does not contain all the needed information. Have you run 'posthoc_and_stager()'?
Execution halted
Complete!
